<?xml version="1.0" encoding="utf-8"?>
<testsuites>
  <testsuite>
<testcase classname="bin.www" name="www:1:1">
  <failure message="Unexpected '#'." />
</testcase>
<testcase classname="bin.www" name="www:1:2">
  <failure message="Stopping. (1% scanned)." />
</testcase>
<testcase classname="lib.route_cache.index" name="index:4:1">
  <failure message="Use spaces, not tabs." />
</testcase>
<testcase classname="lib.route_cache.index" name="index:4:2">
  <failure message="Missing 'use strict' statement." />
</testcase>
<testcase classname="lib.route_cache.index" name="index:5:1">
  <failure message="Use spaces, not tabs." />
</testcase>
<testcase classname="lib.route_cache.index" name="index:5:2">
  <failure message="Expected 'this' at column 5, not column 2." />
</testcase>
<testcase classname="lib.route_cache.index" name="index:6:1">
  <failure message="Use spaces, not tabs." />
</testcase>
<testcase classname="lib.route_cache.index" name="index:6:2">
  <failure message="Expected 'this' at column 5, not column 2." />
</testcase>
<testcase classname="lib.route_cache.index" name="index:9:40">
  <failure message="Expected exactly one space between 'function' and '('." />
</testcase>
<testcase classname="lib.route_cache.index" name="index:10:1">
  <failure message="Use spaces, not tabs." />
</testcase>
<testcase classname="lib.route_cache.index" name="index:10:2">
  <failure message="Missing 'use strict' statement." />
</testcase>
<testcase classname="lib.route_cache.index" name="index:11:1">
  <failure message="Use spaces, not tabs." />
</testcase>
<testcase classname="lib.route_cache.index" name="index:11:2">
  <failure message="Expected 'return' at column 5, not column 2." />
</testcase>
<testcase classname="lib.route_cache.index" name="index:14:40">
  <failure message="Expected exactly one space between 'function' and '('." />
</testcase>
<testcase classname="lib.route_cache.index" name="index:15:1">
  <failure message="Use spaces, not tabs." />
</testcase>
<testcase classname="lib.route_cache.index" name="index:15:2">
  <failure message="Missing 'use strict' statement." />
</testcase>
<testcase classname="lib.route_cache.index" name="index:16:1">
  <failure message="Use spaces, not tabs." />
</testcase>
<testcase classname="lib.route_cache.index" name="index:16:2">
  <failure message="Expected 'return' at column 5, not column 2." />
</testcase>
<testcase classname="lib.route_cache.lib.cache" name="cache:13:5">
  <failure message="Missing 'use strict' statement." />
</testcase>
<testcase classname="lib.route_cache.lib.cache" name="cache:27:33">
  <failure message="Expected exactly one space between 'function' and '('." />
</testcase>
<testcase classname="lib.route_cache.lib.cache" name="cache:28:5">
  <failure message="Missing 'use strict' statement." />
</testcase>
<testcase classname="lib.route_cache.lib.cache" name="cache:44:31">
  <failure message="Expected exactly one space between 'function' and '('." />
</testcase>
<testcase classname="lib.route_cache.lib.cache" name="cache:45:5">
  <failure message="Missing 'use strict' statement." />
</testcase>
<testcase classname="lib.route_cache.lib.cache" name="cache:48:17">
  <failure message="Combine this with the previous 'var' statement." />
</testcase>
<testcase classname="lib.route_cache.lib.cache" name="cache:57:9">
  <failure message="Combine this with the previous 'var' statement." />
</testcase>
<testcase classname="lib.route_cache.lib.cache" name="cache:60:17">
  <failure message="Combine this with the previous 'var' statement." />
</testcase>
<testcase classname="lib.route_cache.lib.cache" name="cache:78:13">
  <failure message="Combine this with the previous 'var' statement." />
</testcase>
<testcase classname="lib.route_cache.lib.cache" name="cache:81:20">
  <failure message="Expected exactly one space between 'function' and '('." />
</testcase>
<testcase classname="lib.route_cache.lib.cache" name="cache:87:7">
  <failure message="Unnecessary 'else' after disruption." />
</testcase>
<testcase classname="lib.route_cache.lib.cache" name="cache:102:31">
  <failure message="Expected exactly one space between 'function' and '('." />
</testcase>
<testcase classname="lib.route_cache.lib.cache" name="cache:103:5">
  <failure message="Missing 'use strict' statement." />
</testcase>
<testcase classname="lib.route_cache.lib.cache" name="cache:106:17">
  <failure message="Combine this with the previous 'var' statement." />
</testcase>
<testcase classname="lib.route_cache.lib.cache" name="cache:120:7">
  <failure message="Unnecessary 'else' after disruption." />
</testcase>
<testcase classname="lib.route_cache.lib.cache" name="cache:135:31">
  <failure message="Expected exactly one space between 'function' and '('." />
</testcase>
<testcase classname="lib.route_cache.lib.cache" name="cache:136:5">
  <failure message="Missing 'use strict' statement." />
</testcase>
<testcase classname="lib.route_cache.lib.cache" name="cache:139:17">
  <failure message="Combine this with the previous 'var' statement." />
</testcase>
<testcase classname="lib.route_cache.lib.cache" name="cache:148:9">
  <failure message="Combine this with the previous 'var' statement." />
</testcase>
<testcase classname="lib.route_cache.lib.cache" name="cache:157:13">
  <failure message="Combine this with the previous 'var' statement." />
</testcase>
<testcase classname="lib.route_cache.lib.cache" name="cache:160:20">
  <failure message="Expected exactly one space between 'function' and '('." />
</testcase>
<testcase classname="lib.route_cache.lib.cache" name="cache:166:7">
  <failure message="Unnecessary 'else' after disruption." />
</testcase>
<testcase classname="lib.route_cache.lib.route" name="route:11:5">
  <failure message="Missing 'use strict' statement." />
</testcase>
<testcase classname="lib.route_cache.lib.route" name="route:23:35">
  <failure message="Expected exactly one space between 'function' and '('." />
</testcase>
<testcase classname="lib.route_cache.lib.route" name="route:24:1">
  <failure message="Use spaces, not tabs." />
</testcase>
<testcase classname="lib.route_cache.lib.route" name="route:24:2">
  <failure message="Missing 'use strict' statement." />
</testcase>
<testcase classname="lib.route_cache.lib.route" name="route:25:9">
  <failure message="Combine this with the previous 'var' statement." />
</testcase>
<testcase classname="lib.route_cache.lib.route" name="route:26:9">
  <failure message="Combine this with the previous 'var' statement." />
</testcase>
<testcase classname="lib.test" name="test:0:0"></testcase>
<testcase classname="modules.database.dao" name="dao:24:5">
  <failure message="Missing 'use strict' statement." />
</testcase>
<testcase classname="modules.database.dao" name="dao:51:43">
  <failure message="Expected exactly one space between 'function' and '('." />
</testcase>
<testcase classname="modules.database.dao" name="dao:52:22">
  <failure message="Expected '{' and instead saw 'winston'." />
</testcase>
<testcase classname="modules.database.dao" name="dao:52:22">
  <failure message="Stopping. (12% scanned)." />
</testcase>
<testcase classname="modules.repository.component.index" name="index:18:28">
  <failure message="Expected exactly one space between 'function' and '('." />
</testcase>
<testcase classname="modules.repository.component.index" name="index:19:5">
  <failure message="Missing 'use strict' statement." />
</testcase>
<testcase classname="modules.repository.component.index" name="index:19:42">
  <failure message="Expected exactly one space between 'function' and '('." />
</testcase>
<testcase classname="modules.repository.component.index" name="index:37:29">
  <failure message="Expected exactly one space between 'function' and '('." />
</testcase>
<testcase classname="modules.repository.component.index" name="index:38:5">
  <failure message="Missing 'use strict' statement." />
</testcase>
<testcase classname="modules.repository.component.index" name="index:38:39">
  <failure message="Expected exactly one space between 'function' and '('." />
</testcase>
<testcase classname="modules.repository.component.index" name="index:66:32">
  <failure message="Expected exactly one space between 'function' and '('." />
</testcase>
<testcase classname="modules.repository.component.index" name="index:67:5">
  <failure message="Missing 'use strict' statement." />
</testcase>
<testcase classname="modules.repository.component.index" name="index:71:18">
  <failure message="['$and'] is better written in dot notation." />
</testcase>
<testcase classname="modules.repository.component.index" name="index:76:18">
  <failure message="['$and'] is better written in dot notation." />
</testcase>
<testcase classname="modules.repository.component.index" name="index:81:18">
  <failure message="['$and'] is better written in dot notation." />
</testcase>
<testcase classname="modules.repository.component.index" name="index:86:18">
  <failure message="['$and'] is better written in dot notation." />
</testcase>
<testcase classname="modules.repository.component.index" name="index:90:40">
  <failure message="Expected exactly one space between 'function' and '('." />
</testcase>
<testcase classname="modules.repository.component.index" name="index:93:11">
  <failure message="Unnecessary 'else' after disruption." />
</testcase>
<testcase classname="modules.repository.component.index" name="index:95:30">
  <failure message="Expected '!==' and instead saw '!='." />
</testcase>
<testcase classname="modules.repository.component.index" name="index:99:44">
  <failure message="Expected '!==' and instead saw '!='." />
</testcase>
<testcase classname="modules.repository.component.index" name="index:103:42">
  <failure message="Expected '!==' and instead saw '!='." />
</testcase>
<testcase classname="modules.repository.component.index" name="index:107:42">
  <failure message="Expected '!==' and instead saw '!='." />
</testcase>
<testcase classname="modules.repository.component.index" name="index:111:38">
  <failure message="Expected '!==' and instead saw '!='." />
</testcase>
<testcase classname="modules.repository.component.index" name="index:115:32">
  <failure message="Expected '!==' and instead saw '!='." />
</testcase>
<testcase classname="modules.repository.component.index" name="index:120:71">
  <failure message="Expected exactly one space between 'function' and '('." />
</testcase>
<testcase classname="modules.repository.component.index" name="index:121:34">
  <failure message="Expected '{' and instead saw 'return'." />
</testcase>
<testcase classname="modules.repository.component.index" name="index:121:34">
  <failure message="Stopping. (40% scanned)." />
</testcase>
<testcase classname="modules.repository.component.models.comp" name="comp:20:5">
  <failure message="Missing 'use strict' statement." />
</testcase>
<testcase classname="modules.repository.component.models.comp" name="comp:45:34">
  <failure message="Expected exactly one space between 'function' and '('." />
</testcase>
<testcase classname="modules.repository.component.models.comp" name="comp:46:5">
  <failure message="Missing 'use strict' statement." />
</testcase>
<testcase classname="modules.repository.component.models.comp" name="comp:70:37">
  <failure message="Expected exactly one space between 'function' and '('." />
</testcase>
<testcase classname="modules.repository.component.models.comp" name="comp:71:5">
  <failure message="Missing 'use strict' statement." />
</testcase>
<testcase classname="modules.repository.component.models.comp" name="comp:72:9">
  <failure message="Combine this with the previous 'var' statement." />
</testcase>
<testcase classname="modules.repository.component.models.comp" name="comp:75:13">
  <failure message="Redefinition of 'words' from line 71." />
</testcase>
<testcase classname="modules.repository.component.models.comp" name="comp:76:13">
  <failure message="Combine this with the previous 'var' statement." />
</testcase>
<testcase classname="modules.repository.component.models.comp" name="comp:77:14">
  <failure message="Move 'var' declarations to the top of the function." />
</testcase>
<testcase classname="modules.repository.component.models.comp" name="comp:77:14">
  <failure message="Stopping. (71% scanned)." />
</testcase>
<testcase classname="modules.repository.component.models.compDev" name="compDev:16:5">
  <failure message="Missing 'use strict' statement." />
</testcase>
<testcase classname="modules.repository.component.models.compDev" name="compDev:33:37">
  <failure message="Expected exactly one space between 'function' and '('." />
</testcase>
<testcase classname="modules.repository.component.models.compDev" name="compDev:34:5">
  <failure message="Missing 'use strict' statement." />
</testcase>
<testcase classname="modules.repository.component.models.compDev" name="compDev:48:42">
  <failure message="Expected exactly one space between 'function' and '('." />
</testcase>
<testcase classname="modules.repository.component.models.compDev" name="compDev:49:5">
  <failure message="Missing 'use strict' statement." />
</testcase>
<testcase classname="modules.repository.component.models.status" name="status:14:1">
  <failure message="Use spaces, not tabs." />
</testcase>
<testcase classname="modules.repository.component.models.status" name="status:15:1">
  <failure message="Use spaces, not tabs." />
</testcase>
<testcase classname="modules.repository.component.models.status" name="status:15:2">
  <failure message="Missing 'use strict' statement." />
</testcase>
<testcase classname="modules.repository.component.models.status" name="status:16:1">
  <failure message="Use spaces, not tabs." />
</testcase>
<testcase classname="modules.repository.component.models.status" name="status:16:2">
  <failure message="Expected 'this' at column 5, not column 2." />
</testcase>
<testcase classname="modules.repository.component.models.status" name="status:17:1">
  <failure message="Use spaces, not tabs." />
</testcase>
<testcase classname="modules.repository.component.models.status" name="status:17:2">
  <failure message="Expected 'this' at column 5, not column 2." />
</testcase>
<testcase classname="modules.repository.component.models.status" name="status:18:1">
  <failure message="Use spaces, not tabs." />
</testcase>
<testcase classname="modules.repository.component.models.status" name="status:18:2">
  <failure message="Expected 'this' at column 5, not column 2." />
</testcase>
<testcase classname="modules.repository.component.models.status" name="status:19:1">
  <failure message="Use spaces, not tabs." />
</testcase>
<testcase classname="modules.repository.component.models.status" name="status:19:2">
  <failure message="Expected 'this' at column 5, not column 2." />
</testcase>
<testcase classname="modules.repository.component.models.status" name="status:31:36">
  <failure message="Expected exactly one space between 'function' and '('." />
</testcase>
<testcase classname="modules.repository.component.models.status" name="status:32:5">
  <failure message="Missing 'use strict' statement." />
</testcase>
<testcase classname="modules.repository.component.models.status" name="status:45:41">
  <failure message="Expected exactly one space between 'function' and '('." />
</testcase>
<testcase classname="modules.repository.component.models.status" name="status:46:1">
  <failure message="Use spaces, not tabs." />
</testcase>
<testcase classname="modules.repository.component.models.status" name="status:46:2">
  <failure message="Missing 'use strict' statement." />
</testcase>
<testcase classname="modules.repository.component.models.status" name="status:56:41">
  <failure message="Expected exactly one space between 'function' and '('." />
</testcase>
<testcase classname="modules.repository.component.models.status" name="status:57:1">
  <failure message="Use spaces, not tabs." />
</testcase>
<testcase classname="modules.repository.component.models.status" name="status:57:2">
  <failure message="Missing 'use strict' statement." />
</testcase>
<testcase classname="modules.repository.component.models.status" name="status:58:1">
  <failure message="Use spaces, not tabs." />
</testcase>
<testcase classname="modules.repository.component.models.status" name="status:58:2">
  <failure message="Expected 'this' at column 5, not column 2." />
</testcase>
<testcase classname="modules.repository.component.models.status" name="status:68:42">
  <failure message="Expected exactly one space between 'function' and '('." />
</testcase>
<testcase classname="modules.repository.component.models.status" name="status:69:1">
  <failure message="Use spaces, not tabs." />
</testcase>
<testcase classname="modules.repository.component.models.status" name="status:69:2">
  <failure message="Missing 'use strict' statement." />
</testcase>
<testcase classname="modules.repository.component.models.status" name="status:70:1">
  <failure message="Use spaces, not tabs." />
</testcase>
<testcase classname="modules.repository.component.models.status" name="status:70:2">
  <failure message="Expected 'this' at column 5, not column 2." />
</testcase>
<testcase classname="modules.repository.component.models.status" name="status:81:1">
  <failure message="Use spaces, not tabs." />
</testcase>
<testcase classname="modules.repository.component.models.status" name="status:81:2">
  <failure message="Missing 'use strict' statement." />
</testcase>
<testcase classname="modules.repository.component.models.status" name="status:82:1">
  <failure message="Use spaces, not tabs." />
</testcase>
<testcase classname="modules.repository.component.models.status" name="status:82:2">
  <failure message="Expected 'var' at column 5, not column 2." />
</testcase>
<testcase classname="modules.repository.component.models.status" name="status:82:6">
  <failure message="Combine this with the previous 'var' statement." />
</testcase>
<testcase classname="modules.repository.component.models.status" name="status:83:1">
  <failure message="Use spaces, not tabs." />
</testcase>
<testcase classname="modules.repository.component.models.status" name="status:83:2">
  <failure message="Expected 'var' at column 5, not column 2." />
</testcase>
<testcase classname="modules.repository.component.models.status" name="status:83:6">
  <failure message="Combine this with the previous 'var' statement." />
</testcase>
<testcase classname="modules.repository.component.models.status" name="status:84:1">
  <failure message="Use spaces, not tabs." />
</testcase>
<testcase classname="modules.repository.component.models.status" name="status:84:2">
  <failure message="Expected 'return' at column 5, not column 2." />
</testcase>
<testcase classname="modules.repository.component.schemas.comp" name="comp:0:0"></testcase>
<testcase classname="modules.repository.component.schemas.compDev" name="compDev:0:0"></testcase>
<testcase classname="modules.repository.component.schemas.status" name="status:40:12">
  <failure message="Unexpected ','." />
</testcase>
<testcase classname="modules.repository.component.services.comp" name="comp:40:30">
  <failure message="Expected exactly one space between 'function' and '('." />
</testcase>
<testcase classname="modules.repository.component.services.comp" name="comp:41:5">
  <failure message="Missing 'use strict' statement." />
</testcase>
<testcase classname="modules.repository.component.services.comp" name="comp:41:44">
  <failure message="Expected exactly one space between 'function' and '('." />
</testcase>
<testcase classname="modules.repository.component.services.comp" name="comp:56:32">
  <failure message="Expected exactly one space between 'function' and '('." />
</testcase>
<testcase classname="modules.repository.component.services.comp" name="comp:57:5">
  <failure message="Missing 'use strict' statement." />
</testcase>
<testcase classname="modules.repository.component.services.comp" name="comp:57:41">
  <failure message="Expected exactly one space between 'function' and '('." />
</testcase>
<testcase classname="modules.repository.component.services.comp" name="comp:73:43">
  <failure message="Expected exactly one space between 'function' and '('." />
</testcase>
<testcase classname="modules.repository.component.services.comp" name="comp:74:5">
  <failure message="Missing 'use strict' statement." />
</testcase>
<testcase classname="modules.repository.component.services.comp" name="comp:74:58">
  <failure message="Expected exactly one space between 'function' and '('." />
</testcase>
<testcase classname="modules.repository.component.services.comp" name="comp:89:28">
  <failure message="Expected exactly one space between 'function' and '('." />
</testcase>
<testcase classname="modules.repository.component.services.comp" name="comp:90:5">
  <failure message="Missing 'use strict' statement." />
</testcase>
<testcase classname="modules.repository.component.services.comp" name="comp:90:39">
  <failure message="Expected exactly one space between 'function' and '('." />
</testcase>
<testcase classname="modules.repository.component.services.comp" name="comp:105:29">
  <failure message="Expected exactly one space between 'function' and '('." />
</testcase>
<testcase classname="modules.repository.component.services.comp" name="comp:106:5">
  <failure message="Missing 'use strict' statement." />
</testcase>
<testcase classname="modules.repository.component.services.comp" name="comp:106:51">
  <failure message="Expected exactly one space between 'function' and '('." />
</testcase>
<testcase classname="modules.repository.component.services.comp" name="comp:122:32">
  <failure message="Expected exactly one space between 'function' and '('." />
</testcase>
<testcase classname="modules.repository.component.services.comp" name="comp:123:5">
  <failure message="Missing 'use strict' statement." />
</testcase>
<testcase classname="modules.repository.component.services.comp" name="comp:123:82">
  <failure message="Expected exactly one space between 'function' and '('." />
</testcase>
<testcase classname="modules.repository.component.services.comp" name="comp:129:17">
  <failure message="Combine this with the previous 'var' statement." />
</testcase>
<testcase classname="modules.repository.component.services.comp" name="comp:129:37">
  <failure message="Expected exactly one space between 'function' and '('." />
</testcase>
<testcase classname="modules.repository.component.services.comp" name="comp:132:25">
  <failure message="Combine this with the previous 'var' statement." />
</testcase>
<testcase classname="modules.repository.component.services.comp" name="comp:133:25">
  <failure message="Combine this with the previous 'var' statement." />
</testcase>
<testcase classname="modules.repository.component.services.comp" name="comp:134:25">
  <failure message="Combine this with the previous 'var' statement." />
</testcase>
<testcase classname="modules.repository.component.services.comp" name="comp:136:25">
  <failure message="Combine this with the previous 'var' statement." />
</testcase>
<testcase classname="modules.repository.component.services.comp" name="comp:136:48">
  <failure message="Expected exactly one space between 'function' and '('." />
</testcase>
<testcase classname="modules.repository.component.services.comp" name="comp:139:78">
  <failure message="Expected exactly one space between 'function' and '('." />
</testcase>
<testcase classname="modules.repository.component.services.comp" name="comp:178:34">
  <failure message="Expected exactly one space between 'function' and '('." />
</testcase>
<testcase classname="modules.repository.component.services.comp" name="comp:179:5">
  <failure message="Missing 'use strict' statement." />
</testcase>
<testcase classname="modules.repository.component.services.comp" name="comp:182:25">
  <failure message="Expected exactly one space between 'function' and '('." />
</testcase>
<testcase classname="modules.repository.component.services.comp" name="comp:198:37">
  <failure message="Expected exactly one space between 'function' and '('." />
</testcase>
<testcase classname="modules.repository.component.services.comp" name="comp:199:5">
  <failure message="Missing 'use strict' statement." />
</testcase>
<testcase classname="modules.repository.component.services.comp" name="comp:199:27">
  <failure message="A constructor name 'compDevMdl' should start with an uppercase letter." />
</testcase>
<testcase classname="modules.repository.component.services.comp" name="comp:204:16">
  <failure message="Expected exactly one space between 'function' and '('." />
</testcase>
<testcase classname="modules.repository.component.services.comp" name="comp:199:9">
  <failure message="Unused 'compDev_mdl'." />
</testcase>
<testcase classname="modules.repository.component.services.comp" name="comp:220:39">
  <failure message="Expected exactly one space between 'function' and '('." />
</testcase>
<testcase classname="modules.repository.component.services.comp" name="comp:221:5">
  <failure message="Missing 'use strict' statement." />
</testcase>
<testcase classname="modules.repository.component.services.comp" name="comp:225:16">
  <failure message="Expected exactly one space between 'function' and '('." />
</testcase>
<testcase classname="modules.repository.component.services.comp" name="comp:241:49">
  <failure message="Expected exactly one space between 'function' and '('." />
</testcase>
<testcase classname="modules.repository.component.services.comp" name="comp:242:5">
  <failure message="Missing 'use strict' statement." />
</testcase>
<testcase classname="modules.repository.component.services.comp" name="comp:242:27">
  <failure message="A constructor name 'compDevMdl' should start with an uppercase letter." />
</testcase>
<testcase classname="modules.repository.component.services.comp" name="comp:247:16">
  <failure message="Expected exactly one space between 'function' and '('." />
</testcase>
<testcase classname="modules.repository.component.services.comp" name="comp:242:9">
  <failure message="Unused 'compDev_mdl'." />
</testcase>
<testcase classname="modules.repository.component.services.comp" name="comp:263:51">
  <failure message="Expected exactly one space between 'function' and '('." />
</testcase>
<testcase classname="modules.repository.component.services.comp" name="comp:264:5">
  <failure message="Missing 'use strict' statement." />
</testcase>
<testcase classname="modules.repository.component.services.comp" name="comp:268:16">
  <failure message="Expected exactly one space between 'function' and '('." />
</testcase>
<testcase classname="modules.repository.component.services.compDev" name="compDev:27:33">
  <failure message="Expected exactly one space between 'function' and '('." />
</testcase>
<testcase classname="modules.repository.component.services.compDev" name="compDev:28:5">
  <failure message="Missing 'use strict' statement." />
</testcase>
<testcase classname="modules.repository.component.services.compDev" name="compDev:28:50">
  <failure message="Expected exactly one space between 'function' and '('." />
</testcase>
<testcase classname="modules.repository.component.services.compDev" name="compDev:43:35">
  <failure message="Expected exactly one space between 'function' and '('." />
</testcase>
<testcase classname="modules.repository.component.services.compDev" name="compDev:44:5">
  <failure message="Missing 'use strict' statement." />
</testcase>
<testcase classname="modules.repository.component.services.compDev" name="compDev:44:75">
  <failure message="Expected exactly one space between 'function' and '('." />
</testcase>
<testcase classname="modules.repository.component.services.compDev" name="compDev:59:31">
  <failure message="Expected exactly one space between 'function' and '('." />
</testcase>
<testcase classname="modules.repository.component.services.compDev" name="compDev:60:5">
  <failure message="Missing 'use strict' statement." />
</testcase>
<testcase classname="modules.repository.component.services.compDev" name="compDev:60:73">
  <failure message="Expected exactly one space between 'function' and '('." />
</testcase>
<testcase classname="modules.repository.component.services.compDev" name="compDev:77:32">
  <failure message="Expected exactly one space between 'function' and '('." />
</testcase>
<testcase classname="modules.repository.component.services.compDev" name="compDev:78:5">
  <failure message="Missing 'use strict' statement." />
</testcase>
<testcase classname="modules.repository.component.services.compDev" name="compDev:78:90">
  <failure message="Expected exactly one space between 'function' and '('." />
</testcase>
<testcase classname="modules.repository.component.services.compDev" name="compDev:94:35">
  <failure message="Expected exactly one space between 'function' and '('." />
</testcase>
<testcase classname="modules.repository.component.services.compDev" name="compDev:95:5">
  <failure message="Missing 'use strict' statement." />
</testcase>
<testcase classname="modules.repository.component.services.compDev" name="compDev:95:86">
  <failure message="Expected exactly one space between 'function' and '('." />
</testcase>
<testcase classname="modules.repository.component.services.compDev" name="compDev:111:37">
  <failure message="Expected exactly one space between 'function' and '('." />
</testcase>
<testcase classname="modules.repository.component.services.compDev" name="compDev:112:5">
  <failure message="Missing 'use strict' statement." />
</testcase>
<testcase classname="modules.repository.component.services.compDev" name="compDev:115:25">
  <failure message="Expected exactly one space between 'function' and '('." />
</testcase>
<testcase classname="modules.repository.component.services.status" name="status:25:32">
  <failure message="Expected exactly one space between 'function' and '('." />
</testcase>
<testcase classname="modules.repository.component.services.status" name="status:26:5">
  <failure message="Missing 'use strict' statement." />
</testcase>
<testcase classname="modules.repository.component.services.status" name="status:26:48">
  <failure message="Expected exactly one space between 'function' and '('." />
</testcase>
<testcase classname="modules.repository.component.services.status" name="status:41:34">
  <failure message="Expected exactly one space between 'function' and '('." />
</testcase>
<testcase classname="modules.repository.component.services.status" name="status:42:5">
  <failure message="Missing 'use strict' statement." />
</testcase>
<testcase classname="modules.repository.component.services.status" name="status:42:43">
  <failure message="Expected exactly one space between 'function' and '('." />
</testcase>
<testcase classname="modules.repository.component.services.status" name="status:57:30">
  <failure message="Expected exactly one space between 'function' and '('." />
</testcase>
<testcase classname="modules.repository.component.services.status" name="status:58:5">
  <failure message="Missing 'use strict' statement." />
</testcase>
<testcase classname="modules.repository.component.services.status" name="status:58:64">
  <failure message="Expected exactly one space between 'function' and '('." />
</testcase>
<testcase classname="modules.repository.component.services.status" name="status:75:32">
  <failure message="Expected exactly one space between 'function' and '('." />
</testcase>
<testcase classname="modules.repository.component.services.status" name="status:76:5">
  <failure message="Missing 'use strict' statement." />
</testcase>
<testcase classname="modules.repository.component.services.status" name="status:76:81">
  <failure message="Expected exactly one space between 'function' and '('." />
</testcase>
<testcase classname="modules.repository.component.services.status" name="status:92:35">
  <failure message="Expected exactly one space between 'function' and '('." />
</testcase>
<testcase classname="modules.repository.component.services.status" name="status:93:5">
  <failure message="Missing 'use strict' statement." />
</testcase>
<testcase classname="modules.repository.component.services.status" name="status:93:77">
  <failure message="Expected exactly one space between 'function' and '('." />
</testcase>
<testcase classname="modules.repository.component.services.status" name="status:109:36">
  <failure message="Expected exactly one space between 'function' and '('." />
</testcase>
<testcase classname="modules.repository.component.services.status" name="status:110:5">
  <failure message="Missing 'use strict' statement." />
</testcase>
<testcase classname="modules.repository.component.services.status" name="status:113:25">
  <failure message="Expected exactly one space between 'function' and '('." />
</testcase>
<testcase classname="modules.repository.developer.index" name="index:21:31">
  <failure message="Expected exactly one space between 'function' and '('." />
</testcase>
<testcase classname="modules.repository.developer.index" name="index:22:5">
  <failure message="Missing 'use strict' statement." />
</testcase>
<testcase classname="modules.repository.developer.index" name="index:22:42">
  <failure message="Expected exactly one space between 'function' and '('." />
</testcase>
<testcase classname="modules.repository.developer.index" name="index:25:11">
  <failure message="Unnecessary 'else' after disruption." />
</testcase>
<testcase classname="modules.repository.developer.index" name="index:27:32">
  <failure message="Expected '!==' and instead saw '!='." />
</testcase>
<testcase classname="modules.repository.developer.index" name="index:31:30">
  <failure message="Expected '!==' and instead saw '!='." />
</testcase>
<testcase classname="modules.repository.developer.index" name="index:35:30">
  <failure message="Expected '!==' and instead saw '!='." />
</testcase>
<testcase classname="modules.repository.developer.index" name="index:39:36">
  <failure message="Expected '!==' and instead saw '!='." />
</testcase>
<testcase classname="modules.repository.developer.index" name="index:43:42">
  <failure message="Expected '!==' and instead saw '!='." />
</testcase>
<testcase classname="modules.repository.developer.index" name="index:47:28">
  <failure message="Expected '!==' and instead saw '!='." />
</testcase>
<testcase classname="modules.repository.developer.index" name="index:51:28">
  <failure message="Expected '!==' and instead saw '!='." />
</testcase>
<testcase classname="modules.repository.developer.index" name="index:56:68">
  <failure message="Expected exactly one space between 'function' and '('." />
</testcase>
<testcase classname="modules.repository.developer.index" name="index:57:34">
  <failure message="Expected '{' and instead saw 'return'." />
</testcase>
<testcase classname="modules.repository.developer.index" name="index:57:34">
  <failure message="Stopping. (63% scanned)." />
</testcase>
<testcase classname="modules.repository.developer.models.dev" name="dev:18:1">
  <failure message="Use spaces, not tabs." />
</testcase>
<testcase classname="modules.repository.developer.models.dev" name="dev:19:1">
  <failure message="Use spaces, not tabs." />
</testcase>
<testcase classname="modules.repository.developer.models.dev" name="dev:19:2">
  <failure message="Missing 'use strict' statement." />
</testcase>
<testcase classname="modules.repository.developer.models.dev" name="dev:20:1">
  <failure message="Use spaces, not tabs." />
</testcase>
<testcase classname="modules.repository.developer.models.dev" name="dev:20:2">
  <failure message="Expected 'this' at column 5, not column 2." />
</testcase>
<testcase classname="modules.repository.developer.models.dev" name="dev:21:1">
  <failure message="Use spaces, not tabs." />
</testcase>
<testcase classname="modules.repository.developer.models.dev" name="dev:21:2">
  <failure message="Expected 'this' at column 5, not column 2." />
</testcase>
<testcase classname="modules.repository.developer.models.dev" name="dev:22:1">
  <failure message="Use spaces, not tabs." />
</testcase>
<testcase classname="modules.repository.developer.models.dev" name="dev:22:2">
  <failure message="Expected 'this' at column 5, not column 2." />
</testcase>
<testcase classname="modules.repository.developer.models.dev" name="dev:23:1">
  <failure message="Use spaces, not tabs." />
</testcase>
<testcase classname="modules.repository.developer.models.dev" name="dev:23:2">
  <failure message="Expected 'this' at column 5, not column 2." />
</testcase>
<testcase classname="modules.repository.developer.models.dev" name="dev:24:1">
  <failure message="Use spaces, not tabs." />
</testcase>
<testcase classname="modules.repository.developer.models.dev" name="dev:24:2">
  <failure message="Expected 'this' at column 5, not column 2." />
</testcase>
<testcase classname="modules.repository.developer.models.dev" name="dev:25:1">
  <failure message="Use spaces, not tabs." />
</testcase>
<testcase classname="modules.repository.developer.models.dev" name="dev:25:2">
  <failure message="Expected 'this' at column 5, not column 2." />
</testcase>
<testcase classname="modules.repository.developer.models.dev" name="dev:26:1">
  <failure message="Use spaces, not tabs." />
</testcase>
<testcase classname="modules.repository.developer.models.dev" name="dev:26:2">
  <failure message="Expected 'this' at column 5, not column 2." />
</testcase>
<testcase classname="modules.repository.developer.models.dev" name="dev:27:1">
  <failure message="Use spaces, not tabs." />
</testcase>
<testcase classname="modules.repository.developer.models.dev" name="dev:27:2">
  <failure message="Expected 'this' at column 5, not column 2." />
</testcase>
<testcase classname="modules.repository.developer.models.dev" name="dev:39:33">
  <failure message="Expected exactly one space between 'function' and '('." />
</testcase>
<testcase classname="modules.repository.developer.models.dev" name="dev:40:1">
  <failure message="Use spaces, not tabs." />
</testcase>
<testcase classname="modules.repository.developer.models.dev" name="dev:40:2">
  <failure message="Missing 'use strict' statement." />
</testcase>
<testcase classname="modules.repository.developer.models.dev" name="dev:41:1">
  <failure message="Use spaces, not tabs." />
</testcase>
<testcase classname="modules.repository.developer.models.dev" name="dev:41:2">
  <failure message="Expected 'this' at column 5, not column 2." />
</testcase>
<testcase classname="modules.repository.developer.models.dev" name="dev:42:1">
  <failure message="Use spaces, not tabs." />
</testcase>
<testcase classname="modules.repository.developer.models.dev" name="dev:42:2">
  <failure message="Expected 'this' at column 5, not column 2." />
</testcase>
<testcase classname="modules.repository.developer.models.dev" name="dev:43:1">
  <failure message="Use spaces, not tabs." />
</testcase>
<testcase classname="modules.repository.developer.models.dev" name="dev:43:2">
  <failure message="Expected 'this' at column 5, not column 2." />
</testcase>
<testcase classname="modules.repository.developer.models.dev" name="dev:44:1">
  <failure message="Use spaces, not tabs." />
</testcase>
<testcase classname="modules.repository.developer.models.dev" name="dev:44:2">
  <failure message="Expected 'this' at column 5, not column 2." />
</testcase>
<testcase classname="modules.repository.developer.models.dev" name="dev:45:1">
  <failure message="Use spaces, not tabs." />
</testcase>
<testcase classname="modules.repository.developer.models.dev" name="dev:45:2">
  <failure message="Expected 'this' at column 5, not column 2." />
</testcase>
<testcase classname="modules.repository.developer.models.dev" name="dev:46:1">
  <failure message="Use spaces, not tabs." />
</testcase>
<testcase classname="modules.repository.developer.models.dev" name="dev:46:2">
  <failure message="Expected 'this' at column 5, not column 2." />
</testcase>
<testcase classname="modules.repository.developer.models.dev" name="dev:47:1">
  <failure message="Use spaces, not tabs." />
</testcase>
<testcase classname="modules.repository.developer.models.dev" name="dev:47:2">
  <failure message="Expected 'this' at column 5, not column 2." />
</testcase>
<testcase classname="modules.repository.developer.models.dev" name="dev:48:1">
  <failure message="Use spaces, not tabs." />
</testcase>
<testcase classname="modules.repository.developer.models.dev" name="dev:48:2">
  <failure message="Expected 'this' at column 5, not column 2." />
</testcase>
<testcase classname="modules.repository.developer.models.dev" name="dev:49:1">
  <failure message="Use spaces, not tabs." />
</testcase>
<testcase classname="modules.repository.developer.models.dev" name="dev:49:2">
  <failure message="Expected 'this' at column 5, not column 2." />
</testcase>
<testcase classname="modules.repository.developer.models.dev" name="dev:57:38">
  <failure message="Expected exactly one space between 'function' and '('." />
</testcase>
<testcase classname="modules.repository.developer.models.dev" name="dev:58:1">
  <failure message="Use spaces, not tabs." />
</testcase>
<testcase classname="modules.repository.developer.models.dev" name="dev:58:2">
  <failure message="Missing 'use strict' statement." />
</testcase>
<testcase classname="modules.repository.developer.models.dev" name="dev:69:1">
  <failure message="Use spaces, not tabs." />
</testcase>
<testcase classname="modules.repository.developer.models.dev" name="dev:69:2">
  <failure message="Missing 'use strict' statement." />
</testcase>
<testcase classname="modules.repository.developer.models.dev" name="dev:70:1">
  <failure message="Use spaces, not tabs." />
</testcase>
<testcase classname="modules.repository.developer.models.dev" name="dev:70:2">
  <failure message="Expected 'var' at column 5, not column 2." />
</testcase>
<testcase classname="modules.repository.developer.models.dev" name="dev:70:6">
  <failure message="Combine this with the previous 'var' statement." />
</testcase>
<testcase classname="modules.repository.developer.models.dev" name="dev:71:1">
  <failure message="Use spaces, not tabs." />
</testcase>
<testcase classname="modules.repository.developer.models.dev" name="dev:71:2">
  <failure message="Expected 'var' at column 5, not column 2." />
</testcase>
<testcase classname="modules.repository.developer.models.dev" name="dev:71:2">
  <failure message="Too many errors. (93% scanned)." />
</testcase>
<testcase classname="modules.repository.developer.schemas.dev" name="dev:9:1">
  <failure message="Use spaces, not tabs." />
</testcase>
<testcase classname="modules.repository.developer.schemas.dev" name="dev:9:2">
  <failure message="Expected 'usrnm' at column 9, not column 2." />
</testcase>
<testcase classname="modules.repository.developer.schemas.dev" name="dev:10:1">
  <failure message="Use spaces, not tabs." />
</testcase>
<testcase classname="modules.repository.developer.schemas.dev" name="dev:10:3">
  <failure message="Expected 'type' at column 13, not column 3." />
</testcase>
<testcase classname="modules.repository.developer.schemas.dev" name="dev:11:1">
  <failure message="Use spaces, not tabs." />
</testcase>
<testcase classname="modules.repository.developer.schemas.dev" name="dev:11:3">
  <failure message="Expected 'lowercase' at column 13, not column 3." />
</testcase>
<testcase classname="modules.repository.developer.schemas.dev" name="dev:12:1">
  <failure message="Use spaces, not tabs." />
</testcase>
<testcase classname="modules.repository.developer.schemas.dev" name="dev:12:3">
  <failure message="Expected 'trim' at column 13, not column 3." />
</testcase>
<testcase classname="modules.repository.developer.schemas.dev" name="dev:13:1">
  <failure message="Use spaces, not tabs." />
</testcase>
<testcase classname="modules.repository.developer.schemas.dev" name="dev:13:3">
  <failure message="Expected 'required' at column 13, not column 3." />
</testcase>
<testcase classname="modules.repository.developer.schemas.dev" name="dev:14:1">
  <failure message="Use spaces, not tabs." />
</testcase>
<testcase classname="modules.repository.developer.schemas.dev" name="dev:15:1">
  <failure message="Use spaces, not tabs." />
</testcase>
<testcase classname="modules.repository.developer.schemas.dev" name="dev:15:2">
  <failure message="Expected '}' at column 9, not column 2." />
</testcase>
<testcase classname="modules.repository.developer.schemas.dev" name="dev:16:1">
  <failure message="Use spaces, not tabs." />
</testcase>
<testcase classname="modules.repository.developer.schemas.dev" name="dev:16:2">
  <failure message="Expected 'email' at column 9, not column 2." />
</testcase>
<testcase classname="modules.repository.developer.schemas.dev" name="dev:17:1">
  <failure message="Use spaces, not tabs." />
</testcase>
<testcase classname="modules.repository.developer.schemas.dev" name="dev:17:3">
  <failure message="Expected 'type' at column 13, not column 3." />
</testcase>
<testcase classname="modules.repository.developer.schemas.dev" name="dev:18:1">
  <failure message="Use spaces, not tabs." />
</testcase>
<testcase classname="modules.repository.developer.schemas.dev" name="dev:18:3">
  <failure message="Expected 'lowercase' at column 13, not column 3." />
</testcase>
<testcase classname="modules.repository.developer.schemas.dev" name="dev:19:1">
  <failure message="Use spaces, not tabs." />
</testcase>
<testcase classname="modules.repository.developer.schemas.dev" name="dev:19:3">
  <failure message="Expected 'trim' at column 13, not column 3." />
</testcase>
<testcase classname="modules.repository.developer.schemas.dev" name="dev:20:1">
  <failure message="Use spaces, not tabs." />
</testcase>
<testcase classname="modules.repository.developer.schemas.dev" name="dev:20:3">
  <failure message="Expected 'required' at column 13, not column 3." />
</testcase>
<testcase classname="modules.repository.developer.schemas.dev" name="dev:21:1">
  <failure message="Use spaces, not tabs." />
</testcase>
<testcase classname="modules.repository.developer.schemas.dev" name="dev:22:1">
  <failure message="Use spaces, not tabs." />
</testcase>
<testcase classname="modules.repository.developer.schemas.dev" name="dev:22:3">
  <failure message="Expected 'default' at column 13, not column 3." />
</testcase>
<testcase classname="modules.repository.developer.schemas.dev" name="dev:23:1">
  <failure message="Use spaces, not tabs." />
</testcase>
<testcase classname="modules.repository.developer.schemas.dev" name="dev:23:2">
  <failure message="Expected '}' at column 9, not column 2." />
</testcase>
<testcase classname="modules.repository.developer.schemas.dev" name="dev:24:1">
  <failure message="Use spaces, not tabs." />
</testcase>
<testcase classname="modules.repository.developer.schemas.dev" name="dev:24:2">
  <failure message="Expected 'name' at column 9, not column 2." />
</testcase>
<testcase classname="modules.repository.developer.schemas.dev" name="dev:25:1">
  <failure message="Use spaces, not tabs." />
</testcase>
<testcase classname="modules.repository.developer.schemas.dev" name="dev:25:3">
  <failure message="Expected 'type' at column 13, not column 3." />
</testcase>
<testcase classname="modules.repository.developer.schemas.dev" name="dev:26:1">
  <failure message="Use spaces, not tabs." />
</testcase>
<testcase classname="modules.repository.developer.schemas.dev" name="dev:26:3">
  <failure message="Expected 'trim' at column 13, not column 3." />
</testcase>
<testcase classname="modules.repository.developer.schemas.dev" name="dev:27:1">
  <failure message="Use spaces, not tabs." />
</testcase>
<testcase classname="modules.repository.developer.schemas.dev" name="dev:27:3">
  <failure message="Expected 'default' at column 13, not column 3." />
</testcase>
<testcase classname="modules.repository.developer.schemas.dev" name="dev:28:1">
  <failure message="Use spaces, not tabs." />
</testcase>
<testcase classname="modules.repository.developer.schemas.dev" name="dev:28:2">
  <failure message="Expected '}' at column 9, not column 2." />
</testcase>
<testcase classname="modules.repository.developer.schemas.dev" name="dev:29:1">
  <failure message="Use spaces, not tabs." />
</testcase>
<testcase classname="modules.repository.developer.schemas.dev" name="dev:29:2">
  <failure message="Expected 'bday' at column 9, not column 2." />
</testcase>
<testcase classname="modules.repository.developer.schemas.dev" name="dev:30:1">
  <failure message="Use spaces, not tabs." />
</testcase>
<testcase classname="modules.repository.developer.schemas.dev" name="dev:30:3">
  <failure message="Expected 'type' at column 13, not column 3." />
</testcase>
<testcase classname="modules.repository.developer.schemas.dev" name="dev:31:1">
  <failure message="Use spaces, not tabs." />
</testcase>
<testcase classname="modules.repository.developer.schemas.dev" name="dev:32:1">
  <failure message="Use spaces, not tabs." />
</testcase>
<testcase classname="modules.repository.developer.schemas.dev" name="dev:32:3">
  <failure message="Expected 'default' at column 13, not column 3." />
</testcase>
<testcase classname="modules.repository.developer.schemas.dev" name="dev:33:1">
  <failure message="Use spaces, not tabs." />
</testcase>
<testcase classname="modules.repository.developer.schemas.dev" name="dev:33:2">
  <failure message="Expected '}' at column 9, not column 2." />
</testcase>
<testcase classname="modules.repository.developer.schemas.dev" name="dev:34:1">
  <failure message="Use spaces, not tabs." />
</testcase>
<testcase classname="modules.repository.developer.schemas.dev" name="dev:34:2">
  <failure message="Expected 'location' at column 9, not column 2." />
</testcase>
<testcase classname="modules.repository.developer.schemas.dev" name="dev:35:1">
  <failure message="Use spaces, not tabs." />
</testcase>
<testcase classname="modules.repository.developer.schemas.dev" name="dev:35:1">
  <failure message="Too many errors. (30% scanned)." />
</testcase>
<testcase classname="modules.repository.developer.services.dev" name="dev:24:1">
  <failure message="Use spaces, not tabs." />
</testcase>
<testcase classname="modules.repository.developer.services.dev" name="dev:24:2">
  <failure message="Missing 'use strict' statement." />
</testcase>
<testcase classname="modules.repository.developer.services.dev" name="dev:25:1">
  <failure message="Use spaces, not tabs." />
</testcase>
<testcase classname="modules.repository.developer.services.dev" name="dev:25:3">
  <failure message="Expected 'callback' at column 9, not column 3." />
</testcase>
<testcase classname="modules.repository.developer.services.dev" name="dev:26:1">
  <failure message="Use spaces, not tabs." />
</testcase>
<testcase classname="modules.repository.developer.services.dev" name="dev:26:2">
  <failure message="Expected '}' at column 5, not column 2." />
</testcase>
<testcase classname="modules.repository.developer.services.dev" name="dev:40:1">
  <failure message="Use spaces, not tabs." />
</testcase>
<testcase classname="modules.repository.developer.services.dev" name="dev:40:2">
  <failure message="Missing 'use strict' statement." />
</testcase>
<testcase classname="modules.repository.developer.services.dev" name="dev:41:1">
  <failure message="Use spaces, not tabs." />
</testcase>
<testcase classname="modules.repository.developer.services.dev" name="dev:41:3">
  <failure message="Expected 'callback' at column 9, not column 3." />
</testcase>
<testcase classname="modules.repository.developer.services.dev" name="dev:42:1">
  <failure message="Use spaces, not tabs." />
</testcase>
<testcase classname="modules.repository.developer.services.dev" name="dev:42:2">
  <failure message="Expected '}' at column 5, not column 2." />
</testcase>
<testcase classname="modules.repository.developer.services.dev" name="dev:56:1">
  <failure message="Use spaces, not tabs." />
</testcase>
<testcase classname="modules.repository.developer.services.dev" name="dev:56:2">
  <failure message="Missing 'use strict' statement." />
</testcase>
<testcase classname="modules.repository.developer.services.dev" name="dev:57:1">
  <failure message="Use spaces, not tabs." />
</testcase>
<testcase classname="modules.repository.developer.services.dev" name="dev:57:3">
  <failure message="Expected 'email' at column 9, not column 3." />
</testcase>
<testcase classname="modules.repository.developer.services.dev" name="dev:58:1">
  <failure message="Use spaces, not tabs." />
</testcase>
<testcase classname="modules.repository.developer.services.dev" name="dev:58:2">
  <failure message="Expected '}' at column 5, not column 2." />
</testcase>
<testcase classname="modules.repository.developer.services.dev" name="dev:59:1">
  <failure message="Use spaces, not tabs." />
</testcase>
<testcase classname="modules.repository.developer.services.dev" name="dev:59:3">
  <failure message="Expected 'callback' at column 9, not column 3." />
</testcase>
<testcase classname="modules.repository.developer.services.dev" name="dev:60:1">
  <failure message="Use spaces, not tabs." />
</testcase>
<testcase classname="modules.repository.developer.services.dev" name="dev:60:2">
  <failure message="Expected '}' at column 5, not column 2." />
</testcase>
<testcase classname="modules.repository.developer.services.dev" name="dev:74:1">
  <failure message="Use spaces, not tabs." />
</testcase>
<testcase classname="modules.repository.developer.services.dev" name="dev:74:2">
  <failure message="Missing 'use strict' statement." />
</testcase>
<testcase classname="modules.repository.developer.services.dev" name="dev:75:1">
  <failure message="Use spaces, not tabs." />
</testcase>
<testcase classname="modules.repository.developer.services.dev" name="dev:75:3">
  <failure message="Expected 'usrnm' at column 9, not column 3." />
</testcase>
<testcase classname="modules.repository.developer.services.dev" name="dev:76:1">
  <failure message="Use spaces, not tabs." />
</testcase>
<testcase classname="modules.repository.developer.services.dev" name="dev:76:2">
  <failure message="Expected '}' at column 5, not column 2." />
</testcase>
<testcase classname="modules.repository.developer.services.dev" name="dev:77:1">
  <failure message="Use spaces, not tabs." />
</testcase>
<testcase classname="modules.repository.developer.services.dev" name="dev:77:3">
  <failure message="Expected 'callback' at column 9, not column 3." />
</testcase>
<testcase classname="modules.repository.developer.services.dev" name="dev:78:1">
  <failure message="Use spaces, not tabs." />
</testcase>
<testcase classname="modules.repository.developer.services.dev" name="dev:78:2">
  <failure message="Expected '}' at column 5, not column 2." />
</testcase>
<testcase classname="modules.repository.developer.services.dev" name="dev:94:1">
  <failure message="Use spaces, not tabs." />
</testcase>
<testcase classname="modules.repository.developer.services.dev" name="dev:94:2">
  <failure message="Missing 'use strict' statement." />
</testcase>
<testcase classname="modules.repository.developer.services.dev" name="dev:95:1">
  <failure message="Use spaces, not tabs." />
</testcase>
<testcase classname="modules.repository.developer.services.dev" name="dev:95:3">
  <failure message="Expected 'callback' at column 9, not column 3." />
</testcase>
<testcase classname="modules.repository.developer.services.dev" name="dev:96:1">
  <failure message="Use spaces, not tabs." />
</testcase>
<testcase classname="modules.repository.developer.services.dev" name="dev:96:2">
  <failure message="Expected '}' at column 5, not column 2." />
</testcase>
<testcase classname="modules.repository.developer.services.dev" name="dev:111:1">
  <failure message="Use spaces, not tabs." />
</testcase>
<testcase classname="modules.repository.developer.services.dev" name="dev:111:2">
  <failure message="Missing 'use strict' statement." />
</testcase>
<testcase classname="modules.repository.developer.services.dev" name="dev:112:1">
  <failure message="Use spaces, not tabs." />
</testcase>
<testcase classname="modules.repository.developer.services.dev" name="dev:112:3">
  <failure message="Expected 'callback' at column 9, not column 3." />
</testcase>
<testcase classname="modules.repository.developer.services.dev" name="dev:113:1">
  <failure message="Use spaces, not tabs." />
</testcase>
<testcase classname="modules.repository.developer.services.dev" name="dev:113:2">
  <failure message="Expected '}' at column 5, not column 2." />
</testcase>
<testcase classname="modules.repository.developer.services.dev" name="dev:128:1">
  <failure message="Use spaces, not tabs." />
</testcase>
<testcase classname="modules.repository.developer.services.dev" name="dev:128:2">
  <failure message="Missing 'use strict' statement." />
</testcase>
<testcase classname="modules.repository.developer.services.dev" name="dev:129:1">
  <failure message="Use spaces, not tabs." />
</testcase>
<testcase classname="modules.repository.developer.services.dev" name="dev:129:2">
  <failure message="Expected 'devDao' at column 5, not column 2." />
</testcase>
<testcase classname="modules.repository.developer.services.dev" name="dev:130:1">
  <failure message="Use spaces, not tabs." />
</testcase>
<testcase classname="modules.repository.developer.services.dev" name="dev:130:3">
  <failure message="Expected '_id' at column 9, not column 3." />
</testcase>
<testcase classname="modules.repository.developer.services.dev" name="dev:130:3">
  <failure message="Too many errors. (97% scanned)." />
</testcase>
<testcase classname="modules.repository.index" name="index:18:28">
  <failure message="Expected exactly one space between 'function' and '('." />
</testcase>
<testcase classname="modules.repository.index" name="index:19:5">
  <failure message="Missing 'use strict' statement." />
</testcase>
<testcase classname="modules.repository.index" name="index:21:40">
  <failure message="Expected exactly one space between 'function' and '('." />
</testcase>
<testcase classname="modules.repository.index" name="index:26:48">
  <failure message="Expected exactly one space between 'function' and '('." />
</testcase>
<testcase classname="modules.repository.index" name="index:31:52">
  <failure message="Expected exactly one space between 'function' and '('." />
</testcase>
<testcase classname="modules.repository.index" name="index:36:58">
  <failure message="Expected exactly one space between 'function' and '('." />
</testcase>
<testcase classname="modules.repository.index" name="index:18:29">
  <failure message="Unused 'req'." />
</testcase>
<testcase classname="modules.repository.index" name="index:65:29">
  <failure message="Expected exactly one space between 'function' and '('." />
</testcase>
<testcase classname="modules.repository.index" name="index:66:5">
  <failure message="Missing 'use strict' statement." />
</testcase>
<testcase classname="modules.repository.index" name="index:67:35">
  <failure message="Expected exactly one space between 'function' and '('." />
</testcase>
<testcase classname="modules.repository.index" name="index:65:30">
  <failure message="Unused 'req'." />
</testcase>
<testcase classname="modules.repository.index" name="index:89:28">
  <failure message="Expected exactly one space between 'function' and '('." />
</testcase>
<testcase classname="modules.repository.index" name="index:90:5">
  <failure message="Missing 'use strict' statement." />
</testcase>
<testcase classname="modules.repository.index" name="index:91:34">
  <failure message="Expected exactly one space between 'function' and '('." />
</testcase>
<testcase classname="modules.repository.index" name="index:89:29">
  <failure message="Unused 'req'." />
</testcase>
<testcase classname="modules.repository.index" name="index:113:27">
  <failure message="Expected exactly one space between 'function' and '('." />
</testcase>
<testcase classname="modules.repository.index" name="index:114:5">
  <failure message="Missing 'use strict' statement." />
</testcase>
<testcase classname="modules.repository.index" name="index:115:33">
  <failure message="Expected exactly one space between 'function' and '('." />
</testcase>
<testcase classname="modules.repository.index" name="index:113:28">
  <failure message="Unused 'req'." />
</testcase>
<testcase classname="modules.repository.index" name="index:127:28">
  <failure message="Expected exactly one space between 'function' and '('." />
</testcase>
<testcase classname="modules.repository.index" name="index:128:5">
  <failure message="Missing 'use strict' statement." />
</testcase>
<testcase classname="modules.repository.index" name="index:131:13">
  <failure message="Expected 'req' at column 17, not column 13." />
</testcase>
<testcase classname="modules.repository.index" name="index:132:13">
  <failure message="Expected 'req' at column 17, not column 13." />
</testcase>
<testcase classname="modules.repository.index" name="index:134:17">
  <failure message="Combine this with the previous 'var' statement." />
</testcase>
<testcase classname="modules.repository.index" name="index:140:36">
  <failure message="Expected exactly one space between 'function' and '('." />
</testcase>
<testcase classname="modules.repository.index" name="index:149:17">
  <failure message="Combine this with the previous 'var' statement." />
</testcase>
<testcase classname="modules.repository.index" name="index:150:65">
  <failure message="Expected exactly one space between 'function' and '('." />
</testcase>
<testcase classname="modules.repository.layer.index" name="index:14:5">
  <failure message="Missing 'use strict' statement." />
</testcase>
<testcase classname="modules.repository.layer.index" name="index:16:9">
  <failure message="Expected 'case' at column 5, not column 9." />
</testcase>
<testcase classname="modules.repository.layer.index" name="index:17:13">
  <failure message="Expected 'order' at column 9, not column 13." />
</testcase>
<testcase classname="modules.repository.layer.index" name="index:18:13">
  <failure message="Expected 'break' at column 9, not column 13." />
</testcase>
<testcase classname="modules.repository.layer.index" name="index:19:9">
  <failure message="Expected 'case' at column 5, not column 9." />
</testcase>
<testcase classname="modules.repository.layer.index" name="index:20:13">
  <failure message="Expected 'order' at column 9, not column 13." />
</testcase>
<testcase classname="modules.repository.layer.index" name="index:21:13">
  <failure message="Expected 'break' at column 9, not column 13." />
</testcase>
<testcase classname="modules.repository.layer.index" name="index:22:9">
  <failure message="Expected 'case' at column 5, not column 9." />
</testcase>
<testcase classname="modules.repository.layer.index" name="index:23:13">
  <failure message="Expected 'order' at column 9, not column 13." />
</testcase>
<testcase classname="modules.repository.layer.index" name="index:24:13">
  <failure message="Expected 'break' at column 9, not column 13." />
</testcase>
<testcase classname="modules.repository.layer.index" name="index:25:9">
  <failure message="Expected 'case' at column 5, not column 9." />
</testcase>
<testcase classname="modules.repository.layer.index" name="index:26:13">
  <failure message="Expected 'order' at column 9, not column 13." />
</testcase>
<testcase classname="modules.repository.layer.index" name="index:27:13">
  <failure message="Expected 'break' at column 9, not column 13." />
</testcase>
<testcase classname="modules.repository.layer.index" name="index:28:9">
  <failure message="Expected 'case' at column 5, not column 9." />
</testcase>
<testcase classname="modules.repository.layer.index" name="index:29:13">
  <failure message="Expected 'order' at column 9, not column 13." />
</testcase>
<testcase classname="modules.repository.layer.index" name="index:30:13">
  <failure message="Expected 'break' at column 9, not column 13." />
</testcase>
<testcase classname="modules.repository.layer.index" name="index:31:9">
  <failure message="Expected 'case' at column 5, not column 9." />
</testcase>
<testcase classname="modules.repository.layer.index" name="index:32:13">
  <failure message="Expected 'order' at column 9, not column 13." />
</testcase>
<testcase classname="modules.repository.layer.index" name="index:33:13">
  <failure message="Expected 'break' at column 9, not column 13." />
</testcase>
<testcase classname="modules.repository.layer.index" name="index:34:9">
  <failure message="Expected 'case' at column 5, not column 9." />
</testcase>
<testcase classname="modules.repository.layer.index" name="index:35:13">
  <failure message="Expected 'order' at column 9, not column 13." />
</testcase>
<testcase classname="modules.repository.layer.index" name="index:36:13">
  <failure message="Expected 'break' at column 9, not column 13." />
</testcase>
<testcase classname="modules.repository.layer.index" name="index:37:9">
  <failure message="Expected 'case' at column 5, not column 9." />
</testcase>
<testcase classname="modules.repository.layer.index" name="index:38:13">
  <failure message="Expected 'order' at column 9, not column 13." />
</testcase>
<testcase classname="modules.repository.layer.index" name="index:39:13">
  <failure message="Expected 'break' at column 9, not column 13." />
</testcase>
<testcase classname="modules.repository.layer.index" name="index:40:9">
  <failure message="Expected 'case' at column 5, not column 9." />
</testcase>
<testcase classname="modules.repository.layer.index" name="index:41:13">
  <failure message="Expected 'order' at column 9, not column 13." />
</testcase>
<testcase classname="modules.repository.layer.index" name="index:42:13">
  <failure message="Expected 'break' at column 9, not column 13." />
</testcase>
<testcase classname="modules.repository.layer.index" name="index:43:9">
  <failure message="Expected 'case' at column 5, not column 9." />
</testcase>
<testcase classname="modules.repository.layer.index" name="index:44:13">
  <failure message="Expected 'order' at column 9, not column 13." />
</testcase>
<testcase classname="modules.repository.layer.index" name="index:45:13">
  <failure message="Expected 'break' at column 9, not column 13." />
</testcase>
<testcase classname="modules.repository.layer.index" name="index:46:9">
  <failure message="Expected 'case' at column 5, not column 9." />
</testcase>
<testcase classname="modules.repository.layer.index" name="index:47:13">
  <failure message="Expected 'order' at column 9, not column 13." />
</testcase>
<testcase classname="modules.repository.layer.index" name="index:48:13">
  <failure message="Expected 'break' at column 9, not column 13." />
</testcase>
<testcase classname="modules.repository.layer.index" name="index:49:9">
  <failure message="Expected 'case' at column 5, not column 9." />
</testcase>
<testcase classname="modules.repository.layer.index" name="index:50:13">
  <failure message="Expected 'order' at column 9, not column 13." />
</testcase>
<testcase classname="modules.repository.layer.index" name="index:51:13">
  <failure message="Expected 'break' at column 9, not column 13." />
</testcase>
<testcase classname="modules.repository.layer.index" name="index:52:9">
  <failure message="Expected 'case' at column 5, not column 9." />
</testcase>
<testcase classname="modules.repository.layer.index" name="index:53:13">
  <failure message="Expected 'order' at column 9, not column 13." />
</testcase>
<testcase classname="modules.repository.layer.index" name="index:54:13">
  <failure message="Expected 'break' at column 9, not column 13." />
</testcase>
<testcase classname="modules.repository.layer.index" name="index:55:9">
  <failure message="Expected 'case' at column 5, not column 9." />
</testcase>
<testcase classname="modules.repository.layer.index" name="index:56:13">
  <failure message="Expected 'order' at column 9, not column 13." />
</testcase>
<testcase classname="modules.repository.layer.index" name="index:57:13">
  <failure message="Expected 'break' at column 9, not column 13." />
</testcase>
<testcase classname="modules.repository.layer.index" name="index:58:9">
  <failure message="Expected 'case' at column 5, not column 9." />
</testcase>
<testcase classname="modules.repository.layer.index" name="index:59:13">
  <failure message="Expected 'order' at column 9, not column 13." />
</testcase>
<testcase classname="modules.repository.layer.index" name="index:60:13">
  <failure message="Expected 'break' at column 9, not column 13." />
</testcase>
<testcase classname="modules.repository.layer.index" name="index:61:9">
  <failure message="Expected 'case' at column 5, not column 9." />
</testcase>
<testcase classname="modules.repository.layer.index" name="index:62:13">
  <failure message="Expected 'order' at column 9, not column 13." />
</testcase>
<testcase classname="modules.repository.layer.index" name="index:63:13">
  <failure message="Expected 'break' at column 9, not column 13." />
</testcase>
<testcase classname="modules.repository.layer.index" name="index:64:9">
  <failure message="Expected 'case' at column 5, not column 9." />
</testcase>
<testcase classname="modules.repository.layer.index" name="index:64:9">
  <failure message="Too many errors. (29% scanned)." />
</testcase>
<testcase classname="modules.repository.layer.models.layer" name="layer:15:5">
  <failure message="Missing 'use strict' statement." />
</testcase>
<testcase classname="modules.repository.layer.models.layer" name="layer:31:35">
  <failure message="Expected exactly one space between 'function' and '('." />
</testcase>
<testcase classname="modules.repository.layer.models.layer" name="layer:32:5">
  <failure message="Missing 'use strict' statement." />
</testcase>
<testcase classname="modules.repository.layer.models.layer" name="layer:35:40">
  <failure message="Use the || operator." />
</testcase>
<testcase classname="modules.repository.layer.models.layer" name="layer:45:40">
  <failure message="Expected exactly one space between 'function' and '('." />
</testcase>
<testcase classname="modules.repository.layer.models.layer" name="layer:46:5">
  <failure message="Missing 'use strict' statement." />
</testcase>
<testcase classname="modules.repository.layer.schemas.layer" name="layer:0:0"></testcase>
<testcase classname="modules.repository.layer.services.layer" name="layer:24:1">
  <failure message="Use spaces, not tabs." />
</testcase>
<testcase classname="modules.repository.layer.services.layer" name="layer:24:2">
  <failure message="Missing 'use strict' statement." />
</testcase>
<testcase classname="modules.repository.layer.services.layer" name="layer:25:1">
  <failure message="Use spaces, not tabs." />
</testcase>
<testcase classname="modules.repository.layer.services.layer" name="layer:25:3">
  <failure message="Expected 'callback' at column 9, not column 3." />
</testcase>
<testcase classname="modules.repository.layer.services.layer" name="layer:26:1">
  <failure message="Use spaces, not tabs." />
</testcase>
<testcase classname="modules.repository.layer.services.layer" name="layer:26:2">
  <failure message="Expected '}' at column 5, not column 2." />
</testcase>
<testcase classname="modules.repository.layer.services.layer" name="layer:40:1">
  <failure message="Use spaces, not tabs." />
</testcase>
<testcase classname="modules.repository.layer.services.layer" name="layer:40:2">
  <failure message="Missing 'use strict' statement." />
</testcase>
<testcase classname="modules.repository.layer.services.layer" name="layer:41:1">
  <failure message="Use spaces, not tabs." />
</testcase>
<testcase classname="modules.repository.layer.services.layer" name="layer:41:3">
  <failure message="Expected 'callback' at column 9, not column 3." />
</testcase>
<testcase classname="modules.repository.layer.services.layer" name="layer:42:1">
  <failure message="Use spaces, not tabs." />
</testcase>
<testcase classname="modules.repository.layer.services.layer" name="layer:42:2">
  <failure message="Expected '}' at column 5, not column 2." />
</testcase>
<testcase classname="modules.repository.layer.services.layer" name="layer:56:1">
  <failure message="Use spaces, not tabs." />
</testcase>
<testcase classname="modules.repository.layer.services.layer" name="layer:56:2">
  <failure message="Missing 'use strict' statement." />
</testcase>
<testcase classname="modules.repository.layer.services.layer" name="layer:57:1">
  <failure message="Use spaces, not tabs." />
</testcase>
<testcase classname="modules.repository.layer.services.layer" name="layer:57:3">
  <failure message="Expected 'lang' at column 9, not column 3." />
</testcase>
<testcase classname="modules.repository.layer.services.layer" name="layer:58:1">
  <failure message="Use spaces, not tabs." />
</testcase>
<testcase classname="modules.repository.layer.services.layer" name="layer:58:2">
  <failure message="Expected '}' at column 5, not column 2." />
</testcase>
<testcase classname="modules.repository.layer.services.layer" name="layer:59:1">
  <failure message="Use spaces, not tabs." />
</testcase>
<testcase classname="modules.repository.layer.services.layer" name="layer:59:3">
  <failure message="Expected 'callback' at column 9, not column 3." />
</testcase>
<testcase classname="modules.repository.layer.services.layer" name="layer:60:1">
  <failure message="Use spaces, not tabs." />
</testcase>
<testcase classname="modules.repository.layer.services.layer" name="layer:60:2">
  <failure message="Expected '}' at column 5, not column 2." />
</testcase>
<testcase classname="modules.repository.layer.services.layer" name="layer:74:1">
  <failure message="Use spaces, not tabs." />
</testcase>
<testcase classname="modules.repository.layer.services.layer" name="layer:74:2">
  <failure message="Missing 'use strict' statement." />
</testcase>
<testcase classname="modules.repository.layer.services.layer" name="layer:75:1">
  <failure message="Use spaces, not tabs." />
</testcase>
<testcase classname="modules.repository.layer.services.layer" name="layer:75:3">
  <failure message="Expected 'name' at column 9, not column 3." />
</testcase>
<testcase classname="modules.repository.layer.services.layer" name="layer:76:1">
  <failure message="Use spaces, not tabs." />
</testcase>
<testcase classname="modules.repository.layer.services.layer" name="layer:76:2">
  <failure message="Expected '}' at column 5, not column 2." />
</testcase>
<testcase classname="modules.repository.layer.services.layer" name="layer:77:1">
  <failure message="Use spaces, not tabs." />
</testcase>
<testcase classname="modules.repository.layer.services.layer" name="layer:77:3">
  <failure message="Expected 'callback' at column 9, not column 3." />
</testcase>
<testcase classname="modules.repository.layer.services.layer" name="layer:78:1">
  <failure message="Use spaces, not tabs." />
</testcase>
<testcase classname="modules.repository.layer.services.layer" name="layer:78:2">
  <failure message="Expected '}' at column 5, not column 2." />
</testcase>
<testcase classname="modules.repository.layer.services.layer" name="layer:94:1">
  <failure message="Use spaces, not tabs." />
</testcase>
<testcase classname="modules.repository.layer.services.layer" name="layer:94:2">
  <failure message="Missing 'use strict' statement." />
</testcase>
<testcase classname="modules.repository.layer.services.layer" name="layer:95:1">
  <failure message="Use spaces, not tabs." />
</testcase>
<testcase classname="modules.repository.layer.services.layer" name="layer:95:3">
  <failure message="Expected 'callback' at column 9, not column 3." />
</testcase>
<testcase classname="modules.repository.layer.services.layer" name="layer:96:1">
  <failure message="Use spaces, not tabs." />
</testcase>
<testcase classname="modules.repository.layer.services.layer" name="layer:96:2">
  <failure message="Expected '}' at column 5, not column 2." />
</testcase>
<testcase classname="modules.repository.layer.services.layer" name="layer:111:1">
  <failure message="Use spaces, not tabs." />
</testcase>
<testcase classname="modules.repository.layer.services.layer" name="layer:111:2">
  <failure message="Missing 'use strict' statement." />
</testcase>
<testcase classname="modules.repository.layer.services.layer" name="layer:112:1">
  <failure message="Use spaces, not tabs." />
</testcase>
<testcase classname="modules.repository.layer.services.layer" name="layer:112:3">
  <failure message="Expected 'callback' at column 9, not column 3." />
</testcase>
<testcase classname="modules.repository.layer.services.layer" name="layer:113:1">
  <failure message="Use spaces, not tabs." />
</testcase>
<testcase classname="modules.repository.layer.services.layer" name="layer:113:2">
  <failure message="Expected '}' at column 5, not column 2." />
</testcase>
<testcase classname="modules.repository.layer.services.layer" name="layer:128:1">
  <failure message="Use spaces, not tabs." />
</testcase>
<testcase classname="modules.repository.layer.services.layer" name="layer:128:2">
  <failure message="Missing 'use strict' statement." />
</testcase>
<testcase classname="modules.repository.layer.services.layer" name="layer:129:1">
  <failure message="Use spaces, not tabs." />
</testcase>
<testcase classname="modules.repository.layer.services.layer" name="layer:129:2">
  <failure message="Expected 'layerDao' at column 5, not column 2." />
</testcase>
<testcase classname="modules.repository.layer.services.layer" name="layer:130:1">
  <failure message="Use spaces, not tabs." />
</testcase>
<testcase classname="modules.repository.layer.services.layer" name="layer:130:3">
  <failure message="Expected '_id' at column 9, not column 3." />
</testcase>
<testcase classname="modules.repository.layer.services.layer" name="layer:130:3">
  <failure message="Too many errors. (97% scanned)." />
</testcase>
<testcase classname="modules.repository.lib.loader" name="loader:33:31">
  <failure message="Expected exactly one space between 'function' and '('." />
</testcase>
<testcase classname="modules.repository.lib.loader" name="loader:34:5">
  <failure message="Missing 'use strict' statement." />
</testcase>
<testcase classname="modules.repository.lib.loader" name="loader:35:10">
  <failure message="Move 'var' declarations to the top of the function." />
</testcase>
<testcase classname="modules.repository.lib.loader" name="loader:35:10">
  <failure message="Stopping. (3% scanned)." />
</testcase>
<testcase classname="modules.repository.platform.index" name="index:14:5">
  <failure message="Missing 'use strict' statement." />
</testcase>
<testcase classname="modules.repository.platform.index" name="index:16:9">
  <failure message="Expected 'case' at column 5, not column 9." />
</testcase>
<testcase classname="modules.repository.platform.index" name="index:17:13">
  <failure message="Expected 'order' at column 9, not column 13." />
</testcase>
<testcase classname="modules.repository.platform.index" name="index:18:13">
  <failure message="Expected 'break' at column 9, not column 13." />
</testcase>
<testcase classname="modules.repository.platform.index" name="index:19:9">
  <failure message="Expected 'case' at column 5, not column 9." />
</testcase>
<testcase classname="modules.repository.platform.index" name="index:20:13">
  <failure message="Expected 'order' at column 9, not column 13." />
</testcase>
<testcase classname="modules.repository.platform.index" name="index:21:13">
  <failure message="Expected 'break' at column 9, not column 13." />
</testcase>
<testcase classname="modules.repository.platform.index" name="index:22:9">
  <failure message="Expected 'case' at column 5, not column 9." />
</testcase>
<testcase classname="modules.repository.platform.index" name="index:23:13">
  <failure message="Expected 'order' at column 9, not column 13." />
</testcase>
<testcase classname="modules.repository.platform.index" name="index:24:13">
  <failure message="Expected 'break' at column 9, not column 13." />
</testcase>
<testcase classname="modules.repository.platform.index" name="index:25:9">
  <failure message="Expected 'case' at column 5, not column 9." />
</testcase>
<testcase classname="modules.repository.platform.index" name="index:26:13">
  <failure message="Expected 'order' at column 9, not column 13." />
</testcase>
<testcase classname="modules.repository.platform.index" name="index:27:13">
  <failure message="Expected 'break' at column 9, not column 13." />
</testcase>
<testcase classname="modules.repository.platform.index" name="index:28:9">
  <failure message="Expected 'case' at column 5, not column 9." />
</testcase>
<testcase classname="modules.repository.platform.index" name="index:29:13">
  <failure message="Expected 'order' at column 9, not column 13." />
</testcase>
<testcase classname="modules.repository.platform.index" name="index:30:13">
  <failure message="Expected 'break' at column 9, not column 13." />
</testcase>
<testcase classname="modules.repository.platform.index" name="index:31:9">
  <failure message="Expected 'case' at column 5, not column 9." />
</testcase>
<testcase classname="modules.repository.platform.index" name="index:32:13">
  <failure message="Expected 'order' at column 9, not column 13." />
</testcase>
<testcase classname="modules.repository.platform.index" name="index:33:13">
  <failure message="Expected 'break' at column 9, not column 13." />
</testcase>
<testcase classname="modules.repository.platform.index" name="index:34:9">
  <failure message="Expected 'case' at column 5, not column 9." />
</testcase>
<testcase classname="modules.repository.platform.index" name="index:35:13">
  <failure message="Expected 'order' at column 9, not column 13." />
</testcase>
<testcase classname="modules.repository.platform.index" name="index:36:13">
  <failure message="Expected 'break' at column 9, not column 13." />
</testcase>
<testcase classname="modules.repository.platform.index" name="index:37:9">
  <failure message="Expected 'case' at column 5, not column 9." />
</testcase>
<testcase classname="modules.repository.platform.index" name="index:38:13">
  <failure message="Expected 'order' at column 9, not column 13." />
</testcase>
<testcase classname="modules.repository.platform.index" name="index:39:13">
  <failure message="Expected 'break' at column 9, not column 13." />
</testcase>
<testcase classname="modules.repository.platform.index" name="index:40:9">
  <failure message="Expected 'case' at column 5, not column 9." />
</testcase>
<testcase classname="modules.repository.platform.index" name="index:41:13">
  <failure message="Expected 'order' at column 9, not column 13." />
</testcase>
<testcase classname="modules.repository.platform.index" name="index:42:13">
  <failure message="Expected 'break' at column 9, not column 13." />
</testcase>
<testcase classname="modules.repository.platform.index" name="index:43:9">
  <failure message="Expected 'case' at column 5, not column 9." />
</testcase>
<testcase classname="modules.repository.platform.index" name="index:44:13">
  <failure message="Expected 'order' at column 9, not column 13." />
</testcase>
<testcase classname="modules.repository.platform.index" name="index:45:13">
  <failure message="Expected 'break' at column 9, not column 13." />
</testcase>
<testcase classname="modules.repository.platform.index" name="index:46:9">
  <failure message="Expected 'case' at column 5, not column 9." />
</testcase>
<testcase classname="modules.repository.platform.index" name="index:47:13">
  <failure message="Expected 'order' at column 9, not column 13." />
</testcase>
<testcase classname="modules.repository.platform.index" name="index:48:13">
  <failure message="Expected 'break' at column 9, not column 13." />
</testcase>
<testcase classname="modules.repository.platform.index" name="index:49:9">
  <failure message="Expected 'case' at column 5, not column 9." />
</testcase>
<testcase classname="modules.repository.platform.index" name="index:50:13">
  <failure message="Expected 'order' at column 9, not column 13." />
</testcase>
<testcase classname="modules.repository.platform.index" name="index:51:13">
  <failure message="Expected 'break' at column 9, not column 13." />
</testcase>
<testcase classname="modules.repository.platform.index" name="index:52:9">
  <failure message="Expected 'case' at column 5, not column 9." />
</testcase>
<testcase classname="modules.repository.platform.index" name="index:53:13">
  <failure message="Expected 'order' at column 9, not column 13." />
</testcase>
<testcase classname="modules.repository.platform.index" name="index:54:13">
  <failure message="Expected 'break' at column 9, not column 13." />
</testcase>
<testcase classname="modules.repository.platform.index" name="index:55:9">
  <failure message="Expected 'case' at column 5, not column 9." />
</testcase>
<testcase classname="modules.repository.platform.index" name="index:56:13">
  <failure message="Expected 'order' at column 9, not column 13." />
</testcase>
<testcase classname="modules.repository.platform.index" name="index:57:13">
  <failure message="Expected 'break' at column 9, not column 13." />
</testcase>
<testcase classname="modules.repository.platform.index" name="index:58:9">
  <failure message="Expected 'default' at column 5, not column 9." />
</testcase>
<testcase classname="modules.repository.platform.index" name="index:59:13">
  <failure message="Expected 'order' at column 9, not column 13." />
</testcase>
<testcase classname="modules.repository.platform.index" name="index:60:13">
  <failure message="Expected 'break' at column 9, not column 13." />
</testcase>
<testcase classname="modules.repository.platform.index" name="index:80:35">
  <failure message="Expected exactly one space between 'function' and '('." />
</testcase>
<testcase classname="modules.repository.platform.index" name="index:81:5">
  <failure message="Missing 'use strict' statement." />
</testcase>
<testcase classname="modules.repository.platform.index" name="index:82:48">
  <failure message="Expected exactly one space between 'function' and '('." />
</testcase>
<testcase classname="modules.repository.platform.index" name="index:85:11">
  <failure message="Unnecessary 'else' after disruption." />
</testcase>
<testcase classname="modules.repository.platform.index" name="index:85:11">
  <failure message="Too many errors. (60% scanned)." />
</testcase>
<testcase classname="modules.repository.platform.models.platfrm" name="platfrm:15:1">
  <failure message="Use spaces, not tabs." />
</testcase>
<testcase classname="modules.repository.platform.models.platfrm" name="platfrm:16:1">
  <failure message="Use spaces, not tabs." />
</testcase>
<testcase classname="modules.repository.platform.models.platfrm" name="platfrm:16:2">
  <failure message="Missing 'use strict' statement." />
</testcase>
<testcase classname="modules.repository.platform.models.platfrm" name="platfrm:17:1">
  <failure message="Use spaces, not tabs." />
</testcase>
<testcase classname="modules.repository.platform.models.platfrm" name="platfrm:17:2">
  <failure message="Expected 'this' at column 5, not column 2." />
</testcase>
<testcase classname="modules.repository.platform.models.platfrm" name="platfrm:18:1">
  <failure message="Use spaces, not tabs." />
</testcase>
<testcase classname="modules.repository.platform.models.platfrm" name="platfrm:18:2">
  <failure message="Expected 'this' at column 5, not column 2." />
</testcase>
<testcase classname="modules.repository.platform.models.platfrm" name="platfrm:19:1">
  <failure message="Use spaces, not tabs." />
</testcase>
<testcase classname="modules.repository.platform.models.platfrm" name="platfrm:19:2">
  <failure message="Expected 'this' at column 5, not column 2." />
</testcase>
<testcase classname="modules.repository.platform.models.platfrm" name="platfrm:20:1">
  <failure message="Use spaces, not tabs." />
</testcase>
<testcase classname="modules.repository.platform.models.platfrm" name="platfrm:20:2">
  <failure message="Expected 'this' at column 5, not column 2." />
</testcase>
<testcase classname="modules.repository.platform.models.platfrm" name="platfrm:21:1">
  <failure message="Use spaces, not tabs." />
</testcase>
<testcase classname="modules.repository.platform.models.platfrm" name="platfrm:21:2">
  <failure message="Expected 'this' at column 5, not column 2." />
</testcase>
<testcase classname="modules.repository.platform.models.platfrm" name="platfrm:33:37">
  <failure message="Expected exactly one space between 'function' and '('." />
</testcase>
<testcase classname="modules.repository.platform.models.platfrm" name="platfrm:34:1">
  <failure message="Use spaces, not tabs." />
</testcase>
<testcase classname="modules.repository.platform.models.platfrm" name="platfrm:34:2">
  <failure message="Missing 'use strict' statement." />
</testcase>
<testcase classname="modules.repository.platform.models.platfrm" name="platfrm:35:1">
  <failure message="Use spaces, not tabs." />
</testcase>
<testcase classname="modules.repository.platform.models.platfrm" name="platfrm:35:2">
  <failure message="Expected 'this' at column 5, not column 2." />
</testcase>
<testcase classname="modules.repository.platform.models.platfrm" name="platfrm:36:1">
  <failure message="Use spaces, not tabs." />
</testcase>
<testcase classname="modules.repository.platform.models.platfrm" name="platfrm:36:2">
  <failure message="Expected 'this' at column 5, not column 2." />
</testcase>
<testcase classname="modules.repository.platform.models.platfrm" name="platfrm:37:1">
  <failure message="Use spaces, not tabs." />
</testcase>
<testcase classname="modules.repository.platform.models.platfrm" name="platfrm:37:2">
  <failure message="Expected 'this' at column 5, not column 2." />
</testcase>
<testcase classname="modules.repository.platform.models.platfrm" name="platfrm:38:1">
  <failure message="Use spaces, not tabs." />
</testcase>
<testcase classname="modules.repository.platform.models.platfrm" name="platfrm:38:2">
  <failure message="Expected 'this' at column 5, not column 2." />
</testcase>
<testcase classname="modules.repository.platform.models.platfrm" name="platfrm:39:1">
  <failure message="Use spaces, not tabs." />
</testcase>
<testcase classname="modules.repository.platform.models.platfrm" name="platfrm:39:2">
  <failure message="Expected 'this' at column 5, not column 2." />
</testcase>
<testcase classname="modules.repository.platform.models.platfrm" name="platfrm:40:1">
  <failure message="Use spaces, not tabs." />
</testcase>
<testcase classname="modules.repository.platform.models.platfrm" name="platfrm:40:2">
  <failure message="Expected 'this' at column 5, not column 2." />
</testcase>
<testcase classname="modules.repository.platform.models.platfrm" name="platfrm:48:42">
  <failure message="Expected exactly one space between 'function' and '('." />
</testcase>
<testcase classname="modules.repository.platform.models.platfrm" name="platfrm:49:1">
  <failure message="Use spaces, not tabs." />
</testcase>
<testcase classname="modules.repository.platform.models.platfrm" name="platfrm:49:2">
  <failure message="Missing 'use strict' statement." />
</testcase>
<testcase classname="modules.repository.platform.schemas.platfrm" name="platfrm:0:0"></testcase>
<testcase classname="modules.repository.platform.services.platfrm" name="platfrm:24:1">
  <failure message="Use spaces, not tabs." />
</testcase>
<testcase classname="modules.repository.platform.services.platfrm" name="platfrm:24:2">
  <failure message="Missing 'use strict' statement." />
</testcase>
<testcase classname="modules.repository.platform.services.platfrm" name="platfrm:25:1">
  <failure message="Use spaces, not tabs." />
</testcase>
<testcase classname="modules.repository.platform.services.platfrm" name="platfrm:25:3">
  <failure message="Expected 'callback' at column 9, not column 3." />
</testcase>
<testcase classname="modules.repository.platform.services.platfrm" name="platfrm:26:1">
  <failure message="Use spaces, not tabs." />
</testcase>
<testcase classname="modules.repository.platform.services.platfrm" name="platfrm:26:2">
  <failure message="Expected '}' at column 5, not column 2." />
</testcase>
<testcase classname="modules.repository.platform.services.platfrm" name="platfrm:40:1">
  <failure message="Use spaces, not tabs." />
</testcase>
<testcase classname="modules.repository.platform.services.platfrm" name="platfrm:40:2">
  <failure message="Missing 'use strict' statement." />
</testcase>
<testcase classname="modules.repository.platform.services.platfrm" name="platfrm:41:1">
  <failure message="Use spaces, not tabs." />
</testcase>
<testcase classname="modules.repository.platform.services.platfrm" name="platfrm:41:3">
  <failure message="Expected 'callback' at column 9, not column 3." />
</testcase>
<testcase classname="modules.repository.platform.services.platfrm" name="platfrm:42:1">
  <failure message="Use spaces, not tabs." />
</testcase>
<testcase classname="modules.repository.platform.services.platfrm" name="platfrm:42:2">
  <failure message="Expected '}' at column 5, not column 2." />
</testcase>
<testcase classname="modules.repository.platform.services.platfrm" name="platfrm:56:1">
  <failure message="Use spaces, not tabs." />
</testcase>
<testcase classname="modules.repository.platform.services.platfrm" name="platfrm:56:2">
  <failure message="Missing 'use strict' statement." />
</testcase>
<testcase classname="modules.repository.platform.services.platfrm" name="platfrm:57:1">
  <failure message="Use spaces, not tabs." />
</testcase>
<testcase classname="modules.repository.platform.services.platfrm" name="platfrm:57:3">
  <failure message="Expected 'code' at column 9, not column 3." />
</testcase>
<testcase classname="modules.repository.platform.services.platfrm" name="platfrm:58:1">
  <failure message="Use spaces, not tabs." />
</testcase>
<testcase classname="modules.repository.platform.services.platfrm" name="platfrm:58:2">
  <failure message="Expected '}' at column 5, not column 2." />
</testcase>
<testcase classname="modules.repository.platform.services.platfrm" name="platfrm:59:1">
  <failure message="Use spaces, not tabs." />
</testcase>
<testcase classname="modules.repository.platform.services.platfrm" name="platfrm:59:3">
  <failure message="Expected 'callback' at column 9, not column 3." />
</testcase>
<testcase classname="modules.repository.platform.services.platfrm" name="platfrm:60:1">
  <failure message="Use spaces, not tabs." />
</testcase>
<testcase classname="modules.repository.platform.services.platfrm" name="platfrm:60:2">
  <failure message="Expected '}' at column 5, not column 2." />
</testcase>
<testcase classname="modules.repository.platform.services.platfrm" name="platfrm:74:1">
  <failure message="Use spaces, not tabs." />
</testcase>
<testcase classname="modules.repository.platform.services.platfrm" name="platfrm:74:2">
  <failure message="Missing 'use strict' statement." />
</testcase>
<testcase classname="modules.repository.platform.services.platfrm" name="platfrm:75:1">
  <failure message="Use spaces, not tabs." />
</testcase>
<testcase classname="modules.repository.platform.services.platfrm" name="platfrm:75:3">
  <failure message="Expected 'name' at column 9, not column 3." />
</testcase>
<testcase classname="modules.repository.platform.services.platfrm" name="platfrm:76:1">
  <failure message="Use spaces, not tabs." />
</testcase>
<testcase classname="modules.repository.platform.services.platfrm" name="platfrm:76:2">
  <failure message="Expected '}' at column 5, not column 2." />
</testcase>
<testcase classname="modules.repository.platform.services.platfrm" name="platfrm:77:1">
  <failure message="Use spaces, not tabs." />
</testcase>
<testcase classname="modules.repository.platform.services.platfrm" name="platfrm:77:3">
  <failure message="Expected 'callback' at column 9, not column 3." />
</testcase>
<testcase classname="modules.repository.platform.services.platfrm" name="platfrm:78:1">
  <failure message="Use spaces, not tabs." />
</testcase>
<testcase classname="modules.repository.platform.services.platfrm" name="platfrm:78:2">
  <failure message="Expected '}' at column 5, not column 2." />
</testcase>
<testcase classname="modules.repository.platform.services.platfrm" name="platfrm:94:1">
  <failure message="Use spaces, not tabs." />
</testcase>
<testcase classname="modules.repository.platform.services.platfrm" name="platfrm:94:2">
  <failure message="Missing 'use strict' statement." />
</testcase>
<testcase classname="modules.repository.platform.services.platfrm" name="platfrm:95:1">
  <failure message="Use spaces, not tabs." />
</testcase>
<testcase classname="modules.repository.platform.services.platfrm" name="platfrm:95:3">
  <failure message="Expected 'callback' at column 9, not column 3." />
</testcase>
<testcase classname="modules.repository.platform.services.platfrm" name="platfrm:96:1">
  <failure message="Use spaces, not tabs." />
</testcase>
<testcase classname="modules.repository.platform.services.platfrm" name="platfrm:96:2">
  <failure message="Expected '}' at column 5, not column 2." />
</testcase>
<testcase classname="modules.repository.platform.services.platfrm" name="platfrm:111:1">
  <failure message="Use spaces, not tabs." />
</testcase>
<testcase classname="modules.repository.platform.services.platfrm" name="platfrm:111:2">
  <failure message="Missing 'use strict' statement." />
</testcase>
<testcase classname="modules.repository.platform.services.platfrm" name="platfrm:112:1">
  <failure message="Use spaces, not tabs." />
</testcase>
<testcase classname="modules.repository.platform.services.platfrm" name="platfrm:112:3">
  <failure message="Expected 'callback' at column 9, not column 3." />
</testcase>
<testcase classname="modules.repository.platform.services.platfrm" name="platfrm:113:1">
  <failure message="Use spaces, not tabs." />
</testcase>
<testcase classname="modules.repository.platform.services.platfrm" name="platfrm:113:2">
  <failure message="Expected '}' at column 5, not column 2." />
</testcase>
<testcase classname="modules.repository.platform.services.platfrm" name="platfrm:128:1">
  <failure message="Use spaces, not tabs." />
</testcase>
<testcase classname="modules.repository.platform.services.platfrm" name="platfrm:128:2">
  <failure message="Missing 'use strict' statement." />
</testcase>
<testcase classname="modules.repository.platform.services.platfrm" name="platfrm:129:1">
  <failure message="Use spaces, not tabs." />
</testcase>
<testcase classname="modules.repository.platform.services.platfrm" name="platfrm:129:2">
  <failure message="Expected 'platfrmDao' at column 5, not column 2." />
</testcase>
<testcase classname="modules.repository.platform.services.platfrm" name="platfrm:130:1">
  <failure message="Use spaces, not tabs." />
</testcase>
<testcase classname="modules.repository.platform.services.platfrm" name="platfrm:130:3">
  <failure message="Expected '_id' at column 9, not column 3." />
</testcase>
<testcase classname="modules.repository.platform.services.platfrm" name="platfrm:130:3">
  <failure message="Too many errors. (97% scanned)." />
</testcase>
<testcase classname="modules.repository.process.index" name="index:11:24">
  <failure message="Expected exactly one space between 'function' and '('." />
</testcase>
<testcase classname="modules.repository.process.index" name="index:13:5">
  <failure message="Missing 'use strict' statement." />
</testcase>
<testcase classname="modules.repository.process.index" name="index:13:64">
  <failure message="Expected exactly one space between 'function' and '('." />
</testcase>
<testcase classname="modules.repository.process.index" name="index:17:11">
  <failure message="Unnecessary 'else' after disruption." />
</testcase>
<testcase classname="modules.repository.process.index" name="index:21:68">
  <failure message="Expected exactly one space between 'function' and '('." />
</testcase>
<testcase classname="modules.repository.process.index" name="index:25:23">
  <failure message="Unnecessary 'else' after disruption." />
</testcase>
<testcase classname="modules.repository.process.index" name="index:31:36">
  <failure message="Expected exactly one space between 'function' and '('." />
</testcase>
<testcase classname="modules.repository.process.index" name="index:35:31">
  <failure message="Unnecessary 'else' after disruption." />
</testcase>
<testcase classname="modules.repository.process.index" name="index:48:68">
  <failure message="Expected exactly one space between 'function' and '('." />
</testcase>
<testcase classname="modules.repository.process.index" name="index:52:23">
  <failure message="Unnecessary 'else' after disruption." />
</testcase>
<testcase classname="modules.repository.process.index" name="index:58:36">
  <failure message="Expected exactly one space between 'function' and '('." />
</testcase>
<testcase classname="modules.repository.process.index" name="index:62:31">
  <failure message="Unnecessary 'else' after disruption." />
</testcase>
<testcase classname="modules.repository.process.index" name="index:96:35">
  <failure message="Expected exactly one space between 'function' and '('." />
</testcase>
<testcase classname="modules.repository.process.index" name="index:97:5">
  <failure message="Missing 'use strict' statement." />
</testcase>
<testcase classname="modules.repository.process.index" name="index:97:73">
  <failure message="Expected exactly one space between 'function' and '('." />
</testcase>
<testcase classname="modules.repository.process.index" name="index:100:11">
  <failure message="Unnecessary 'else' after disruption." />
</testcase>
<testcase classname="modules.repository.process.index" name="index:104:28">
  <failure message="Expected exactly one space between 'function' and '('." />
</testcase>
<testcase classname="modules.repository.process.index" name="index:107:19">
  <failure message="Unnecessary 'else' after disruption." />
</testcase>
<testcase classname="modules.repository.process.index" name="index:118:47">
  <failure message="Expected exactly one space between 'function' and '('." />
</testcase>
<testcase classname="modules.repository.process.index" name="index:119:30">
  <failure message="Move 'var' declarations to the top of the function." />
</testcase>
<testcase classname="modules.repository.process.index" name="index:119:30">
  <failure message="Stopping. (36% scanned)." />
</testcase>
<testcase classname="modules.repository.process.models.proc" name="proc:17:5">
  <failure message="Missing 'use strict' statement." />
</testcase>
<testcase classname="modules.repository.process.models.proc" name="proc:35:34">
  <failure message="Expected exactly one space between 'function' and '('." />
</testcase>
<testcase classname="modules.repository.process.models.proc" name="proc:36:5">
  <failure message="Missing 'use strict' statement." />
</testcase>
<testcase classname="modules.repository.process.models.proc" name="proc:51:39">
  <failure message="Expected exactly one space between 'function' and '('." />
</testcase>
<testcase classname="modules.repository.process.models.proc" name="proc:52:5">
  <failure message="Missing 'use strict' statement." />
</testcase>
<testcase classname="modules.repository.process.models.step" name="step:18:5">
  <failure message="Missing 'use strict' statement." />
</testcase>
<testcase classname="modules.repository.process.models.step" name="step:37:34">
  <failure message="Expected exactly one space between 'function' and '('." />
</testcase>
<testcase classname="modules.repository.process.models.step" name="step:38:5">
  <failure message="Missing 'use strict' statement." />
</testcase>
<testcase classname="modules.repository.process.models.step" name="step:54:39">
  <failure message="Expected exactly one space between 'function' and '('." />
</testcase>
<testcase classname="modules.repository.process.models.step" name="step:55:5">
  <failure message="Missing 'use strict' statement." />
</testcase>
<testcase classname="modules.repository.process.schemas.proc" name="proc:0:0"></testcase>
<testcase classname="modules.repository.process.schemas.step" name="step:0:0"></testcase>
<testcase classname="modules.repository.process.services.proc" name="proc:13:30">
  <failure message="Expected exactly one space between 'function' and '('." />
</testcase>
<testcase classname="modules.repository.process.services.proc" name="proc:14:5">
  <failure message="Missing 'use strict' statement." />
</testcase>
<testcase classname="modules.repository.process.services.proc" name="proc:14:44">
  <failure message="Expected exactly one space between 'function' and '('." />
</testcase>
<testcase classname="modules.repository.process.services.proc" name="proc:19:39">
  <failure message="Expected exactly one space between 'function' and '('." />
</testcase>
<testcase classname="modules.repository.process.services.proc" name="proc:20:5">
  <failure message="Missing 'use strict' statement." />
</testcase>
<testcase classname="modules.repository.process.services.proc" name="proc:20:39">
  <failure message="Expected exactly one space between 'function' and '('." />
</testcase>
<testcase classname="modules.repository.process.services.proc" name="proc:28:24">
  <failure message="Expected exactly one space between 'function' and '('." />
</testcase>
<testcase classname="modules.repository.process.services.proc" name="proc:35:29">
  <failure message="Combine this with the previous 'var' statement." />
</testcase>
<testcase classname="modules.repository.process.services.proc" name="proc:35:47">
  <failure message="Expected exactly one space between 'function' and '('." />
</testcase>
<testcase classname="modules.repository.process.services.proc" name="proc:37:33">
  <failure message="Combine this with the previous 'var' statement." />
</testcase>
<testcase classname="modules.repository.process.services.proc" name="proc:39:54">
  <failure message="Use the || operator." />
</testcase>
<testcase classname="modules.repository.process.services.proc" name="proc:40:52">
  <failure message="Use the || operator." />
</testcase>
<testcase classname="modules.repository.process.services.proc" name="proc:41:52">
  <failure message="Use the || operator." />
</testcase>
<testcase classname="modules.repository.process.services.proc" name="proc:42:52">
  <failure message="Use the || operator." />
</testcase>
<testcase classname="modules.repository.process.services.proc" name="proc:55:30">
  <failure message="Move 'var' declarations to the top of the function." />
</testcase>
<testcase classname="modules.repository.process.services.proc" name="proc:55:30">
  <failure message="Stopping. (64% scanned)." />
</testcase>
<testcase classname="modules.repository.process.services.step" name="step:29:30">
  <failure message="Expected exactly one space between 'function' and '('." />
</testcase>
<testcase classname="modules.repository.process.services.step" name="step:30:5">
  <failure message="Missing 'use strict' statement." />
</testcase>
<testcase classname="modules.repository.process.services.step" name="step:30:44">
  <failure message="Expected exactly one space between 'function' and '('." />
</testcase>
<testcase classname="modules.repository.process.services.step" name="step:45:32">
  <failure message="Expected exactly one space between 'function' and '('." />
</testcase>
<testcase classname="modules.repository.process.services.step" name="step:46:5">
  <failure message="Missing 'use strict' statement." />
</testcase>
<testcase classname="modules.repository.process.services.step" name="step:46:41">
  <failure message="Expected exactly one space between 'function' and '('." />
</testcase>
<testcase classname="modules.repository.process.services.step" name="step:61:28">
  <failure message="Expected exactly one space between 'function' and '('." />
</testcase>
<testcase classname="modules.repository.process.services.step" name="step:62:5">
  <failure message="Missing 'use strict' statement." />
</testcase>
<testcase classname="modules.repository.process.services.step" name="step:62:39">
  <failure message="Expected exactly one space between 'function' and '('." />
</testcase>
<testcase classname="modules.repository.process.services.step" name="step:78:29">
  <failure message="Expected exactly one space between 'function' and '('." />
</testcase>
<testcase classname="modules.repository.process.services.step" name="step:79:5">
  <failure message="Missing 'use strict' statement." />
</testcase>
<testcase classname="modules.repository.process.services.step" name="step:79:51">
  <failure message="Expected exactly one space between 'function' and '('." />
</testcase>
<testcase classname="modules.repository.process.services.step" name="step:95:32">
  <failure message="Expected exactly one space between 'function' and '('." />
</testcase>
<testcase classname="modules.repository.process.services.step" name="step:96:5">
  <failure message="Missing 'use strict' statement." />
</testcase>
<testcase classname="modules.repository.process.services.step" name="step:96:52">
  <failure message="Expected exactly one space between 'function' and '('." />
</testcase>
<testcase classname="modules.repository.process.services.step" name="step:102:17">
  <failure message="Combine this with the previous 'var' statement." />
</testcase>
<testcase classname="modules.repository.process.services.step" name="step:102:37">
  <failure message="Expected exactly one space between 'function' and '('." />
</testcase>
<testcase classname="modules.repository.process.services.step" name="step:105:114">
  <failure message="Expected exactly one space between 'function' and '('." />
</testcase>
<testcase classname="modules.repository.process.services.step" name="step:134:34">
  <failure message="Expected exactly one space between 'function' and '('." />
</testcase>
<testcase classname="modules.repository.process.services.step" name="step:135:5">
  <failure message="Missing 'use strict' statement." />
</testcase>
<testcase classname="modules.repository.process.services.step" name="step:138:25">
  <failure message="Expected exactly one space between 'function' and '('." />
</testcase>
<testcase classname="modules.repository.process.services.step" name="step:155:43">
  <failure message="Expected exactly one space between 'function' and '('." />
</testcase>
<testcase classname="modules.repository.process.services.step" name="step:156:5">
  <failure message="Missing 'use strict' statement." />
</testcase>
<testcase classname="modules.repository.process.services.step" name="step:156:68">
  <failure message="Expected exactly one space between 'function' and '('." />
</testcase>
<testcase classname="modules.repository.superlayer.index" name="index:5:5">
  <failure message="Missing 'use strict' statement." />
</testcase>
<testcase classname="modules.repository.superlayer.index" name="index:7:9">
  <failure message="Expected 'case' at column 5, not column 9." />
</testcase>
<testcase classname="modules.repository.superlayer.index" name="index:8:13">
  <failure message="Expected 'order' at column 9, not column 13." />
</testcase>
<testcase classname="modules.repository.superlayer.index" name="index:9:13">
  <failure message="Expected 'break' at column 9, not column 13." />
</testcase>
<testcase classname="modules.repository.superlayer.index" name="index:10:9">
  <failure message="Expected 'case' at column 5, not column 9." />
</testcase>
<testcase classname="modules.repository.superlayer.index" name="index:11:13">
  <failure message="Expected 'order' at column 9, not column 13." />
</testcase>
<testcase classname="modules.repository.superlayer.index" name="index:12:13">
  <failure message="Expected 'break' at column 9, not column 13." />
</testcase>
<testcase classname="modules.repository.superlayer.index" name="index:13:9">
  <failure message="Expected 'case' at column 5, not column 9." />
</testcase>
<testcase classname="modules.repository.superlayer.index" name="index:14:13">
  <failure message="Expected 'order' at column 9, not column 13." />
</testcase>
<testcase classname="modules.repository.superlayer.index" name="index:15:13">
  <failure message="Expected 'break' at column 9, not column 13." />
</testcase>
<testcase classname="modules.repository.superlayer.index" name="index:16:9">
  <failure message="Expected 'default' at column 5, not column 9." />
</testcase>
<testcase classname="modules.repository.superlayer.index" name="index:17:13">
  <failure message="Expected 'order' at column 9, not column 13." />
</testcase>
<testcase classname="modules.repository.superlayer.index" name="index:18:13">
  <failure message="Expected 'break' at column 9, not column 13." />
</testcase>
<testcase classname="modules.repository.superlayer.index" name="index:38:35">
  <failure message="Expected exactly one space between 'function' and '('." />
</testcase>
<testcase classname="modules.repository.superlayer.index" name="index:39:5">
  <failure message="Missing 'use strict' statement." />
</testcase>
<testcase classname="modules.repository.superlayer.index" name="index:40:48">
  <failure message="Expected exactly one space between 'function' and '('." />
</testcase>
<testcase classname="modules.repository.superlayer.index" name="index:43:11">
  <failure message="Unnecessary 'else' after disruption." />
</testcase>
<testcase classname="modules.repository.superlayer.index" name="index:45:30">
  <failure message="Expected '!==' and instead saw '!='." />
</testcase>
<testcase classname="modules.repository.superlayer.index" name="index:49:30">
  <failure message="Expected '!==' and instead saw '!='." />
</testcase>
<testcase classname="modules.repository.superlayer.index" name="index:53:30">
  <failure message="Expected '!==' and instead saw '!='." />
</testcase>
<testcase classname="modules.repository.superlayer.index" name="index:57:32">
  <failure message="Expected '!==' and instead saw '!='." />
</testcase>
<testcase classname="modules.repository.superlayer.index" name="index:62:77">
  <failure message="Expected exactly one space between 'function' and '('." />
</testcase>
<testcase classname="modules.repository.superlayer.index" name="index:63:34">
  <failure message="Expected '{' and instead saw 'return'." />
</testcase>
<testcase classname="modules.repository.superlayer.index" name="index:63:34">
  <failure message="Stopping. (64% scanned)." />
</testcase>
<testcase classname="modules.repository.superlayer.models.suprlay" name="suprlay:17:5">
  <failure message="Missing 'use strict' statement." />
</testcase>
<testcase classname="modules.repository.superlayer.models.suprlay" name="suprlay:15:39">
  <failure message="Unused 'deps'." />
</testcase>
<testcase classname="modules.repository.superlayer.models.suprlay" name="suprlay:35:37">
  <failure message="Expected exactly one space between 'function' and '('." />
</testcase>
<testcase classname="modules.repository.superlayer.models.suprlay" name="suprlay:36:5">
  <failure message="Missing 'use strict' statement." />
</testcase>
<testcase classname="modules.repository.superlayer.models.suprlay" name="suprlay:50:42">
  <failure message="Expected exactly one space between 'function' and '('." />
</testcase>
<testcase classname="modules.repository.superlayer.models.suprlay" name="suprlay:51:5">
  <failure message="Missing 'use strict' statement." />
</testcase>
<testcase classname="modules.repository.superlayer.schemas.suprlay" name="suprlay:0:0"></testcase>
<testcase classname="modules.repository.superlayer.services.suprlay" name="suprlay:24:1">
  <failure message="Use spaces, not tabs." />
</testcase>
<testcase classname="modules.repository.superlayer.services.suprlay" name="suprlay:24:2">
  <failure message="Missing 'use strict' statement." />
</testcase>
<testcase classname="modules.repository.superlayer.services.suprlay" name="suprlay:25:1">
  <failure message="Use spaces, not tabs." />
</testcase>
<testcase classname="modules.repository.superlayer.services.suprlay" name="suprlay:25:3">
  <failure message="Expected 'callback' at column 9, not column 3." />
</testcase>
<testcase classname="modules.repository.superlayer.services.suprlay" name="suprlay:26:1">
  <failure message="Use spaces, not tabs." />
</testcase>
<testcase classname="modules.repository.superlayer.services.suprlay" name="suprlay:26:2">
  <failure message="Expected '}' at column 5, not column 2." />
</testcase>
<testcase classname="modules.repository.superlayer.services.suprlay" name="suprlay:40:1">
  <failure message="Use spaces, not tabs." />
</testcase>
<testcase classname="modules.repository.superlayer.services.suprlay" name="suprlay:40:2">
  <failure message="Missing 'use strict' statement." />
</testcase>
<testcase classname="modules.repository.superlayer.services.suprlay" name="suprlay:41:1">
  <failure message="Use spaces, not tabs." />
</testcase>
<testcase classname="modules.repository.superlayer.services.suprlay" name="suprlay:41:3">
  <failure message="Expected 'callback' at column 9, not column 3." />
</testcase>
<testcase classname="modules.repository.superlayer.services.suprlay" name="suprlay:42:1">
  <failure message="Use spaces, not tabs." />
</testcase>
<testcase classname="modules.repository.superlayer.services.suprlay" name="suprlay:42:2">
  <failure message="Expected '}' at column 5, not column 2." />
</testcase>
<testcase classname="modules.repository.superlayer.services.suprlay" name="suprlay:56:1">
  <failure message="Use spaces, not tabs." />
</testcase>
<testcase classname="modules.repository.superlayer.services.suprlay" name="suprlay:56:2">
  <failure message="Missing 'use strict' statement." />
</testcase>
<testcase classname="modules.repository.superlayer.services.suprlay" name="suprlay:57:1">
  <failure message="Use spaces, not tabs." />
</testcase>
<testcase classname="modules.repository.superlayer.services.suprlay" name="suprlay:57:3">
  <failure message="Expected 'code' at column 9, not column 3." />
</testcase>
<testcase classname="modules.repository.superlayer.services.suprlay" name="suprlay:58:1">
  <failure message="Use spaces, not tabs." />
</testcase>
<testcase classname="modules.repository.superlayer.services.suprlay" name="suprlay:58:2">
  <failure message="Expected '}' at column 5, not column 2." />
</testcase>
<testcase classname="modules.repository.superlayer.services.suprlay" name="suprlay:59:1">
  <failure message="Use spaces, not tabs." />
</testcase>
<testcase classname="modules.repository.superlayer.services.suprlay" name="suprlay:59:3">
  <failure message="Expected 'callback' at column 9, not column 3." />
</testcase>
<testcase classname="modules.repository.superlayer.services.suprlay" name="suprlay:60:1">
  <failure message="Use spaces, not tabs." />
</testcase>
<testcase classname="modules.repository.superlayer.services.suprlay" name="suprlay:60:2">
  <failure message="Expected '}' at column 5, not column 2." />
</testcase>
<testcase classname="modules.repository.superlayer.services.suprlay" name="suprlay:74:1">
  <failure message="Use spaces, not tabs." />
</testcase>
<testcase classname="modules.repository.superlayer.services.suprlay" name="suprlay:74:2">
  <failure message="Missing 'use strict' statement." />
</testcase>
<testcase classname="modules.repository.superlayer.services.suprlay" name="suprlay:75:1">
  <failure message="Use spaces, not tabs." />
</testcase>
<testcase classname="modules.repository.superlayer.services.suprlay" name="suprlay:75:3">
  <failure message="Expected 'name' at column 9, not column 3." />
</testcase>
<testcase classname="modules.repository.superlayer.services.suprlay" name="suprlay:76:1">
  <failure message="Use spaces, not tabs." />
</testcase>
<testcase classname="modules.repository.superlayer.services.suprlay" name="suprlay:76:2">
  <failure message="Expected '}' at column 5, not column 2." />
</testcase>
<testcase classname="modules.repository.superlayer.services.suprlay" name="suprlay:77:1">
  <failure message="Use spaces, not tabs." />
</testcase>
<testcase classname="modules.repository.superlayer.services.suprlay" name="suprlay:77:3">
  <failure message="Expected 'callback' at column 9, not column 3." />
</testcase>
<testcase classname="modules.repository.superlayer.services.suprlay" name="suprlay:78:1">
  <failure message="Use spaces, not tabs." />
</testcase>
<testcase classname="modules.repository.superlayer.services.suprlay" name="suprlay:78:2">
  <failure message="Expected '}' at column 5, not column 2." />
</testcase>
<testcase classname="modules.repository.superlayer.services.suprlay" name="suprlay:94:1">
  <failure message="Use spaces, not tabs." />
</testcase>
<testcase classname="modules.repository.superlayer.services.suprlay" name="suprlay:94:2">
  <failure message="Missing 'use strict' statement." />
</testcase>
<testcase classname="modules.repository.superlayer.services.suprlay" name="suprlay:95:1">
  <failure message="Use spaces, not tabs." />
</testcase>
<testcase classname="modules.repository.superlayer.services.suprlay" name="suprlay:95:3">
  <failure message="Expected 'callback' at column 9, not column 3." />
</testcase>
<testcase classname="modules.repository.superlayer.services.suprlay" name="suprlay:96:1">
  <failure message="Use spaces, not tabs." />
</testcase>
<testcase classname="modules.repository.superlayer.services.suprlay" name="suprlay:96:2">
  <failure message="Expected '}' at column 5, not column 2." />
</testcase>
<testcase classname="modules.repository.superlayer.services.suprlay" name="suprlay:111:1">
  <failure message="Use spaces, not tabs." />
</testcase>
<testcase classname="modules.repository.superlayer.services.suprlay" name="suprlay:111:2">
  <failure message="Missing 'use strict' statement." />
</testcase>
<testcase classname="modules.repository.superlayer.services.suprlay" name="suprlay:112:1">
  <failure message="Use spaces, not tabs." />
</testcase>
<testcase classname="modules.repository.superlayer.services.suprlay" name="suprlay:112:3">
  <failure message="Expected 'callback' at column 9, not column 3." />
</testcase>
<testcase classname="modules.repository.superlayer.services.suprlay" name="suprlay:113:1">
  <failure message="Use spaces, not tabs." />
</testcase>
<testcase classname="modules.repository.superlayer.services.suprlay" name="suprlay:113:2">
  <failure message="Expected '}' at column 5, not column 2." />
</testcase>
<testcase classname="modules.repository.superlayer.services.suprlay" name="suprlay:128:1">
  <failure message="Use spaces, not tabs." />
</testcase>
<testcase classname="modules.repository.superlayer.services.suprlay" name="suprlay:128:2">
  <failure message="Missing 'use strict' statement." />
</testcase>
<testcase classname="modules.repository.superlayer.services.suprlay" name="suprlay:129:1">
  <failure message="Use spaces, not tabs." />
</testcase>
<testcase classname="modules.repository.superlayer.services.suprlay" name="suprlay:129:2">
  <failure message="Expected 'suprlayDao' at column 5, not column 2." />
</testcase>
<testcase classname="modules.repository.superlayer.services.suprlay" name="suprlay:130:1">
  <failure message="Use spaces, not tabs." />
</testcase>
<testcase classname="modules.repository.superlayer.services.suprlay" name="suprlay:130:3">
  <failure message="Expected '_id' at column 9, not column 3." />
</testcase>
<testcase classname="modules.repository.superlayer.services.suprlay" name="suprlay:130:3">
  <failure message="Too many errors. (97% scanned)." />
</testcase>
<testcase classname="modules.repository.team.index" name="index:0:0"></testcase>
<testcase classname="modules.repository.team.models.team" name="team:13:5">
  <failure message="Missing 'use strict' statement." />
</testcase>
<testcase classname="modules.repository.team.models.team" name="team:28:34">
  <failure message="Expected exactly one space between 'function' and '('." />
</testcase>
<testcase classname="modules.repository.team.models.team" name="team:29:5">
  <failure message="Missing 'use strict' statement." />
</testcase>
<testcase classname="modules.repository.team.models.team" name="team:41:39">
  <failure message="Expected exactly one space between 'function' and '('." />
</testcase>
<testcase classname="modules.repository.team.models.team" name="team:42:5">
  <failure message="Missing 'use strict' statement." />
</testcase>
<testcase classname="modules.repository.team.schemas.team" name="team:0:0"></testcase>
<testcase classname="modules.repository.team.services.team" name="team:25:30">
  <failure message="Expected exactly one space between 'function' and '('." />
</testcase>
<testcase classname="modules.repository.team.services.team" name="team:26:5">
  <failure message="Missing 'use strict' statement." />
</testcase>
<testcase classname="modules.repository.team.services.team" name="team:26:44">
  <failure message="Expected exactly one space between 'function' and '('." />
</testcase>
<testcase classname="modules.repository.team.services.team" name="team:41:32">
  <failure message="Expected exactly one space between 'function' and '('." />
</testcase>
<testcase classname="modules.repository.team.services.team" name="team:42:5">
  <failure message="Missing 'use strict' statement." />
</testcase>
<testcase classname="modules.repository.team.services.team" name="team:42:60">
  <failure message="Expected exactly one space between 'function' and '('." />
</testcase>
<testcase classname="modules.repository.team.services.team" name="team:57:34">
  <failure message="Expected exactly one space between 'function' and '('." />
</testcase>
<testcase classname="modules.repository.team.services.team" name="team:58:5">
  <failure message="Missing 'use strict' statement." />
</testcase>
<testcase classname="modules.repository.team.services.team" name="team:60:24">
  <failure message="Expected exactly one space between 'function' and '('." />
</testcase>
<testcase classname="modules.repository.team.services.team" name="team:77:29">
  <failure message="Expected exactly one space between 'function' and '('." />
</testcase>
<testcase classname="modules.repository.team.services.team" name="team:78:5">
  <failure message="Missing 'use strict' statement." />
</testcase>
<testcase classname="modules.repository.team.services.team" name="team:78:75">
  <failure message="Expected exactly one space between 'function' and '('." />
</testcase>
<testcase classname="modules.repository.team.services.team" name="team:94:32">
  <failure message="Expected exactly one space between 'function' and '('." />
</testcase>
<testcase classname="modules.repository.team.services.team" name="team:95:5">
  <failure message="Missing 'use strict' statement." />
</testcase>
<testcase classname="modules.repository.team.services.team" name="team:95:71">
  <failure message="Expected exactly one space between 'function' and '('." />
</testcase>
<testcase classname="modules.repository.team.services.team" name="team:111:34">
  <failure message="Expected exactly one space between 'function' and '('." />
</testcase>
<testcase classname="modules.repository.team.services.team" name="team:112:5">
  <failure message="Missing 'use strict' statement." />
</testcase>
<testcase classname="modules.repository.team.services.team" name="team:115:25">
  <failure message="Expected exactly one space between 'function' and '('." />
</testcase>
<testcase classname="modules.repository.team.services.team" name="team:131:37">
  <failure message="Expected exactly one space between 'function' and '('." />
</testcase>
<testcase classname="modules.repository.team.services.team" name="team:132:5">
  <failure message="Missing 'use strict' statement." />
</testcase>
<testcase classname="modules.repository.team.services.team" name="team:136:16">
  <failure message="Expected exactly one space between 'function' and '('." />
</testcase>
<testcase classname="modules.repository.team.services.team" name="team:152:37">
  <failure message="Expected exactly one space between 'function' and '('." />
</testcase>
<testcase classname="modules.repository.team.services.team" name="team:153:5">
  <failure message="Missing 'use strict' statement." />
</testcase>
<testcase classname="modules.repository.team.services.team" name="team:157:16">
  <failure message="Expected exactly one space between 'function' and '('." />
</testcase>
<testcase classname="routes.index" name="index:5:25">
  <failure message="Expected exactly one space between 'function' and '('." />
</testcase>
<testcase classname="routes.index" name="index:6:3">
  <failure message="Missing 'use strict' statement." />
</testcase>
<testcase classname="routes.index" name="index:5:26">
  <failure message="Unused 'req'." />
</testcase>
<testcase classname="routes.index" name="index:5:36">
  <failure message="Unused 'next'." />
</testcase>
<testcase classname="routes.repo" name="repo:41:13">
  <failure message="Combine this with the previous 'var' statement." />
</testcase>
<testcase classname="routes.repo" name="repo:110:13">
  <failure message="Combine this with the previous 'var' statement." />
</testcase>
<testcase classname="routes.users" name="users:5:25">
  <failure message="Expected exactly one space between 'function' and '('." />
</testcase>
<testcase classname="routes.users" name="users:6:3">
  <failure message="Missing 'use strict' statement." />
</testcase>
<testcase classname="routes.users" name="users:5:26">
  <failure message="Unused 'req'." />
</testcase>
<testcase classname="routes.users" name="users:5:36">
  <failure message="Unused 'next'." />
</testcase>
  </testsuite>
</testsuites>